#
# There is insufficient memory for the Java Runtime Environment to continue.
# Native memory allocation (malloc) failed to allocate 1234096 bytes for Chunk::new
# Possible reasons:
#   The system is out of physical RAM or swap space
#   The process is running with CompressedOops enabled, and the Java Heap may be blocking the growth of the native heap
# Possible solutions:
#   Reduce memory load on the system
#   Increase physical memory or swap space
#   Check if swap backing store is full
#   Decrease Java heap size (-Xmx/-Xms)
#   Decrease number of Java threads
#   Decrease Java thread stack sizes (-Xss)
#   Set larger code cache with -XX:ReservedCodeCacheSize=
#   JVM is running with Unscaled Compressed Oops mode in which the Java heap is
#     placed in the first 4GB address space. The Java Heap base address is the
#     maximum limit for the native heap growth. Please use -XX:HeapBaseMinAddress
#     to set the Java Heap base and to place the Java Heap above 4GB virtual address.
# This output file may be truncated or incomplete.
#
#  Out of Memory Error (./src/hotspot/share/memory/arena.cpp:197), pid=13760, tid=10004
#
# JRE version: OpenJDK Runtime Environment 18.9 (11.0.14.1+1) (build 11.0.14.1+1)
# Java VM: OpenJDK 64-Bit Server VM 18.9 (11.0.14.1+1, mixed mode, tiered, compressed oops, g1 gc, windows-amd64)
# No core dump will be written. Minidumps are not enabled by default on client versions of Windows
#

---------------  S U M M A R Y ------------

Command Line: -XX:MaxMetaspaceSize=512m --add-opens=java.base/java.util=ALL-UNNAMED --add-opens=java.base/java.lang=ALL-UNNAMED --add-opens=java.base/java.lang.invoke=ALL-UNNAMED --add-opens=java.base/java.util=ALL-UNNAMED --add-opens=java.prefs/java.util.prefs=ALL-UNNAMED --add-opens=java.prefs/java.util.prefs=ALL-UNNAMED --add-opens=java.base/java.nio.charset=ALL-UNNAMED --add-opens=java.base/java.net=ALL-UNNAMED --add-opens=java.base/java.util.concurrent.atomic=ALL-UNNAMED -Xmx2048m -Dfile.encoding=windows-1252 -Duser.country=BR -Duser.language=pt -Duser.variant org.gradle.launcher.daemon.bootstrap.GradleDaemon 7.3.3

Host: AMD Ryzen 5 2500U with Radeon Vega Mobile Gfx  , 8 cores, 10G,  Windows 10 , 64 bit Build 19041 (10.0.19041.1645)
Time: Thu May 12 14:08:52 2022 Hora oficial do Brasil elapsed time: 37.416743 seconds (0d 0h 0m 37s)

---------------  T H R E A D  ---------------

Current thread (0x000001d0189cb000):  JavaThread "C2 CompilerThread1" daemon [_thread_in_native, id=10004, stack(0x000000427ea00000,0x000000427eb00000)]


Current CompileTask:
C2:  37416 7745       4       org.gradle.cache.internal.btree.FreeListBlockStore::read (12 bytes)

Stack: [0x000000427ea00000,0x000000427eb00000]
Native frames: (J=compiled Java code, j=interpreted, Vv=VM code, C=native code)
V  [jvm.dll+0x619a2a]
V  [jvm.dll+0x756479]
V  [jvm.dll+0x757b68]
V  [jvm.dll+0x758243]
V  [jvm.dll+0x24d898]
V  [jvm.dll+0xc145c]
V  [jvm.dll+0xc1a1c]
V  [jvm.dll+0x356cc2]
V  [jvm.dll+0x3230c3]
V  [jvm.dll+0x3223fa]
V  [jvm.dll+0x206c25]
V  [jvm.dll+0x205e0d]
V  [jvm.dll+0x187dd1]
V  [jvm.dll+0x215664]
V  [jvm.dll+0x2138ab]
V  [jvm.dll+0x719160]
V  [jvm.dll+0x7120c4]
V  [jvm.dll+0x618886]
C  [ucrtbase.dll+0x21bb2]
C  [KERNEL32.DLL+0x17034]
C  [ntdll.dll+0x52651]


---------------  P R O C E S S  ---------------

Threads class SMR info:
_java_thread_list=0x000001d0179b42a0, length=128, elements={
0x000001d075bff000, 0x000001d07fcb3000, 0x000001d07fcbc000, 0x000001d07fcd2800,
0x000001d07fcd4800, 0x000001d07fcd7000, 0x000001d07fcec000, 0x000001d015844000,
0x000001d01588c800, 0x000001d0159ac000, 0x000001d0159b3000, 0x000001d0159b2000,
0x000001d0159b1000, 0x000001d0159ad000, 0x000001d0159ae000, 0x000001d0159ae800,
0x000001d0159b0800, 0x000001d0159af800, 0x000001d0167b5800, 0x000001d0167b0800,
0x000001d0167b6800, 0x000001d0167b7000, 0x000001d0167b4000, 0x000001d0167b2000,
0x000001d0167b1800, 0x000001d0167b8000, 0x000001d0167b4800, 0x000001d0167b8800,
0x000001d0167b3000, 0x000001d0167bc000, 0x000001d0167bd000, 0x000001d0167bf000,
0x000001d0167bd800, 0x000001d0167ba800, 0x000001d0167bb000, 0x000001d019731800,
0x000001d019732800, 0x000001d019734000, 0x000001d019733800, 0x000001d019735000,
0x000001d019731000, 0x000001d019730000, 0x000001d01972f800, 0x000001d01973b800,
0x000001d01973a000, 0x000001d019739000, 0x000001d019737800, 0x000001d01973a800,
0x000001d019736000, 0x000001d01973c800, 0x000001d019736800, 0x000001d01973d000,
0x000001d01973e000, 0x000001d019738800, 0x000001d017246000, 0x000001d017240000,
0x000001d017241000, 0x000001d017245000, 0x000001d017246800, 0x000001d017242000,
0x000001d017242800, 0x000001d017247800, 0x000001d017249000, 0x000001d017244000,
0x000001d017243800, 0x000001d01724a000, 0x000001d01724a800, 0x000001d01724b800,
0x000001d01724d000, 0x000001d017248800, 0x000001d01724e000, 0x000001d01724c800,
0x000001d01724f000, 0x000001d01ceec800, 0x000001d01ceee800, 0x000001d01ceef000,
0x000001d01ceea800, 0x000001d01ceeb000, 0x000001d01cef1800, 0x000001d01cef9000,
0x000001d01cef8000, 0x000001d01cef4000, 0x000001d01cef5000, 0x000001d01cef6800,
0x000001d01cef7800, 0x000001d01cdb7000, 0x000001d01cdbc000, 0x000001d01cdb9800,
0x000001d01cdbc800, 0x000001d01cdba000, 0x000001d01cdb8800, 0x000001d01cdbd800,
0x000001d01cdb8000, 0x000001d01cdbe800, 0x000001d01cdbf000, 0x000001d01cdbb000,
0x000001d01cdc1800, 0x000001d01cdc0000, 0x000001d01cdc4000, 0x000001d01cdc0800,
0x000001d01cdc2800, 0x000001d0189cb000, 0x000001d01cdc5000, 0x000001d01cdc5800,
0x000001d01cdc3000, 0x000001d01cef0000, 0x000001d01cef1000, 0x000001d01ceec000,
0x000001d01cef2800, 0x000001d01cef3800, 0x000001d01ceed800, 0x000001d01cef5800,
0x000001d0182db000, 0x000001d0182d9800, 0x000001d0182d5800, 0x000001d0182d8800,
0x000001d0182d7800, 0x000001d0182d6000, 0x000001d0182dc000, 0x000001d0182dc800,
0x000001d0182da000, 0x000001d0182d7000, 0x000001d0182e1800, 0x000001d0182e2800,
0x000001d0182e3000, 0x000001d0182dd800, 0x000001d0182e0000, 0x000001d0182e4000
}

Java Threads: ( => current thread )
  0x000001d075bff000 JavaThread "main" [_thread_blocked, id=7324, stack(0x0000004276d00000,0x0000004276e00000)]
  0x000001d07fcb3000 JavaThread "Reference Handler" daemon [_thread_blocked, id=11860, stack(0x0000004277400000,0x0000004277500000)]
  0x000001d07fcbc000 JavaThread "Finalizer" daemon [_thread_blocked, id=17372, stack(0x0000004277500000,0x0000004277600000)]
  0x000001d07fcd2800 JavaThread "Signal Dispatcher" daemon [_thread_blocked, id=11700, stack(0x0000004277600000,0x0000004277700000)]
  0x000001d07fcd4800 JavaThread "Attach Listener" daemon [_thread_blocked, id=15024, stack(0x0000004277700000,0x0000004277800000)]
  0x000001d07fcd7000 JavaThread "Service Thread" daemon [_thread_blocked, id=10856, stack(0x0000004277800000,0x0000004277900000)]
  0x000001d07fcec000 JavaThread "C2 CompilerThread0" daemon [_thread_in_native, id=16172, stack(0x0000004277900000,0x0000004277a00000)]
  0x000001d015844000 JavaThread "C1 CompilerThread0" daemon [_thread_in_native, id=9872, stack(0x0000004277a00000,0x0000004277b00000)]
  0x000001d01588c800 JavaThread "Sweeper thread" daemon [_thread_blocked, id=2704, stack(0x0000004277b00000,0x0000004277c00000)]
  0x000001d0159ac000 JavaThread "Common-Cleaner" daemon [_thread_blocked, id=13604, stack(0x0000004277c00000,0x0000004277d00000)]
  0x000001d0159b3000 JavaThread "Daemon health stats" [_thread_blocked, id=540, stack(0x0000004278200000,0x0000004278300000)]
  0x000001d0159b2000 JavaThread "Incoming local TCP Connector on port 56383" [_thread_in_native, id=8044, stack(0x0000004278100000,0x0000004278200000)]
  0x000001d0159b1000 JavaThread "Daemon periodic checks" [_thread_blocked, id=18008, stack(0x0000004278300000,0x0000004278400000)]
  0x000001d0159ad000 JavaThread "Daemon" [_thread_blocked, id=6680, stack(0x0000004278400000,0x0000004278500000)]
  0x000001d0159ae000 JavaThread "Handler for socket connection from /127.0.0.1:56383 to /127.0.0.1:56384" [_thread_in_native, id=19220, stack(0x0000004278500000,0x0000004278600000)]
  0x000001d0159ae800 JavaThread "Cancel handler" [_thread_blocked, id=17144, stack(0x0000004278600000,0x0000004278700000)]
  0x000001d0159b0800 JavaThread "Daemon worker" [_thread_in_native, id=12428, stack(0x0000004278700000,0x0000004278800000)]
  0x000001d0159af800 JavaThread "Asynchronous log dispatcher for DefaultDaemonConnection: socket connection from /127.0.0.1:56383 to /127.0.0.1:56384" [_thread_blocked, id=9212, stack(0x0000004278800000,0x0000004278900000)]
  0x000001d0167b5800 JavaThread "Stdin handler" [_thread_blocked, id=13744, stack(0x0000004278900000,0x0000004278a00000)]
  0x000001d0167b0800 JavaThread "Daemon client event forwarder" [_thread_blocked, id=12572, stack(0x0000004278a00000,0x0000004278b00000)]
  0x000001d0167b6800 JavaThread "Cache worker for journal cache (C:\Users\rafae\.gradle\caches\journal-1)" [_thread_blocked, id=6592, stack(0x0000004278b00000,0x0000004278c00000)]
  0x000001d0167b7000 JavaThread "File lock request listener" [_thread_in_native, id=14536, stack(0x0000004278c00000,0x0000004278d00000)]
  0x000001d0167b4000 JavaThread "Cache worker for file hash cache (C:\Users\rafae\.gradle\caches\7.3.3\fileHashes)" [_thread_blocked, id=11124, stack(0x0000004278d00000,0x0000004278e00000)]
  0x000001d0167b2000 JavaThread "Cache worker for file hash cache (D:\projetos\flashlight\android\.gradle\7.3.3\fileHashes)" [_thread_blocked, id=9436, stack(0x0000004279400000,0x0000004279500000)]
  0x000001d0167b1800 JavaThread "File watcher server" daemon [_thread_in_native, id=19420, stack(0x0000004279300000,0x0000004279400000)]
  0x000001d0167b8000 JavaThread "File watcher consumer" daemon [_thread_blocked, id=6528, stack(0x0000004279500000,0x0000004279600000)]
  0x000001d0167b4800 JavaThread "Cache worker for checksums cache (D:\projetos\flashlight\android\.gradle\7.3.3\checksums)" [_thread_blocked, id=12984, stack(0x0000004279600000,0x0000004279700000)]
  0x000001d0167b8800 JavaThread "Cache worker for cache directory md-supplier (C:\Users\rafae\.gradle\caches\7.3.3\md-supplier)" [_thread_blocked, id=19376, stack(0x0000004279700000,0x0000004279800000)]
  0x000001d0167b3000 JavaThread "Cache worker for cache directory md-rule (C:\Users\rafae\.gradle\caches\7.3.3\md-rule)" [_thread_blocked, id=5224, stack(0x0000004279900000,0x0000004279a00000)]
  0x000001d0167bc000 JavaThread "Cache worker for execution history cache (C:\Users\rafae\.gradle\caches\7.3.3\executionHistory)" [_thread_blocked, id=6500, stack(0x0000004279a00000,0x0000004279b00000)]
  0x000001d0167bd000 JavaThread "jar transforms" [_thread_blocked, id=8448, stack(0x0000004279c00000,0x0000004279d00000)]
  0x000001d0167bf000 JavaThread "jar transforms Thread 2" [_thread_blocked, id=7568, stack(0x0000004279d00000,0x0000004279e00000)]
  0x000001d0167bd800 JavaThread "Cache worker for file content cache (C:\Users\rafae\.gradle\caches\7.3.3\fileContent)" [_thread_blocked, id=14664, stack(0x0000004279e00000,0x0000004279f00000)]
  0x000001d0167ba800 JavaThread "jar transforms Thread 3" [_thread_blocked, id=18936, stack(0x0000004279800000,0x0000004279900000)]
  0x000001d0167bb000 JavaThread "jar transforms Thread 4" [_thread_blocked, id=5880, stack(0x0000004279b00000,0x0000004279c00000)]
  0x000001d019731800 JavaThread "Cache worker for kotlin-dsl (C:\Users\rafae\.gradle\caches\7.3.3\kotlin-dsl)" [_thread_blocked, id=11560, stack(0x000000427a000000,0x000000427a100000)]
  0x000001d019732800 JavaThread "jar transforms Thread 5" [_thread_blocked, id=5304, stack(0x000000427a200000,0x000000427a300000)]
  0x000001d019734000 JavaThread "jar transforms Thread 6" [_thread_blocked, id=15388, stack(0x000000427a300000,0x000000427a400000)]
  0x000001d019733800 JavaThread "Cache worker for dependencies-accessors (D:\projetos\flashlight\android\.gradle\7.3.3\dependencies-accessors)" [_thread_blocked, id=14676, stack(0x000000427a400000,0x000000427a500000)]
  0x000001d019735000 JavaThread "Cache worker for Build Output Cleanup Cache (D:\projetos\flashlight\node_modules\react-native-gradle-plugin\.gradle\buildOutputCleanup)" [_thread_blocked, id=7092, stack(0x000000427a500000,0x000000427a600000)]
  0x000001d019731000 JavaThread "jar transforms Thread 7" [_thread_blocked, id=13912, stack(0x000000427a600000,0x000000427a700000)]
  0x000001d019730000 JavaThread "Unconstrained build operations" [_thread_blocked, id=5108, stack(0x0000004279f00000,0x000000427a000000)]
  0x000001d01972f800 JavaThread "Unconstrained build operations Thread 2" [_thread_blocked, id=6692, stack(0x000000427a100000,0x000000427a200000)]
  0x000001d01973b800 JavaThread "Unconstrained build operations Thread 3" [_thread_blocked, id=7600, stack(0x000000427a700000,0x000000427a800000)]
  0x000001d01973a000 JavaThread "Unconstrained build operations Thread 4" [_thread_blocked, id=9788, stack(0x000000427a800000,0x000000427a900000)]
  0x000001d019739000 JavaThread "Unconstrained build operations Thread 5" [_thread_blocked, id=14760, stack(0x000000427a900000,0x000000427aa00000)]
  0x000001d019737800 JavaThread "Unconstrained build operations Thread 6" [_thread_blocked, id=18396, stack(0x000000427aa00000,0x000000427ab00000)]
  0x000001d01973a800 JavaThread "Unconstrained build operations Thread 7" [_thread_blocked, id=10724, stack(0x000000427ab00000,0x000000427ac00000)]
  0x000001d019736000 JavaThread "Unconstrained build operations Thread 8" [_thread_blocked, id=3196, stack(0x000000427ac00000,0x000000427ad00000)]
  0x000001d01973c800 JavaThread "Unconstrained build operations Thread 9" [_thread_blocked, id=15260, stack(0x000000427ad00000,0x000000427ae00000)]
  0x000001d019736800 JavaThread "Unconstrained build operations Thread 10" [_thread_blocked, id=15636, stack(0x000000427ae00000,0x000000427af00000)]
  0x000001d01973d000 JavaThread "Unconstrained build operations Thread 11" [_thread_blocked, id=5364, stack(0x000000427af00000,0x000000427b000000)]
  0x000001d01973e000 JavaThread "Unconstrained build operations Thread 12" [_thread_blocked, id=3968, stack(0x000000427b000000,0x000000427b100000)]
  0x000001d019738800 JavaThread "Unconstrained build operations Thread 13" [_thread_blocked, id=12744, stack(0x000000427b100000,0x000000427b200000)]
  0x000001d017246000 JavaThread "Unconstrained build operations Thread 14" [_thread_blocked, id=16996, stack(0x000000427b200000,0x000000427b300000)]
  0x000001d017240000 JavaThread "Unconstrained build operations Thread 15" [_thread_blocked, id=12764, stack(0x000000427b300000,0x000000427b400000)]
  0x000001d017241000 JavaThread "Unconstrained build operations Thread 16" [_thread_blocked, id=16896, stack(0x000000427b400000,0x000000427b500000)]
  0x000001d017245000 JavaThread "Unconstrained build operations Thread 17" [_thread_blocked, id=9772, stack(0x000000427b500000,0x000000427b600000)]
  0x000001d017246800 JavaThread "Unconstrained build operations Thread 18" [_thread_blocked, id=1976, stack(0x000000427b600000,0x000000427b700000)]
  0x000001d017242000 JavaThread "Unconstrained build operations Thread 19" [_thread_blocked, id=8664, stack(0x000000427b700000,0x000000427b800000)]
  0x000001d017242800 JavaThread "Unconstrained build operations Thread 20" [_thread_blocked, id=6924, stack(0x000000427b800000,0x000000427b900000)]
  0x000001d017247800 JavaThread "Unconstrained build operations Thread 21" [_thread_blocked, id=9100, stack(0x000000427b900000,0x000000427ba00000)]
  0x000001d017249000 JavaThread "Unconstrained build operations Thread 22" [_thread_blocked, id=1516, stack(0x000000427ba00000,0x000000427bb00000)]
  0x000001d017244000 JavaThread "Unconstrained build operations Thread 23" [_thread_blocked, id=16584, stack(0x000000427bb00000,0x000000427bc00000)]
  0x000001d017243800 JavaThread "Unconstrained build operations Thread 24" [_thread_blocked, id=9740, stack(0x000000427bc00000,0x000000427bd00000)]
  0x000001d01724a000 JavaThread "Unconstrained build operations Thread 25" [_thread_blocked, id=5504, stack(0x000000427bd00000,0x000000427be00000)]
  0x000001d01724a800 JavaThread "Unconstrained build operations Thread 26" [_thread_blocked, id=4020, stack(0x000000427be00000,0x000000427bf00000)]
  0x000001d01724b800 JavaThread "Unconstrained build operations Thread 27" [_thread_blocked, id=10536, stack(0x000000427bf00000,0x000000427c000000)]
  0x000001d01724d000 JavaThread "Unconstrained build operations Thread 28" [_thread_blocked, id=14976, stack(0x000000427c000000,0x000000427c100000)]
  0x000001d017248800 JavaThread "Unconstrained build operations Thread 29" [_thread_blocked, id=3176, stack(0x000000427c100000,0x000000427c200000)]
  0x000001d01724e000 JavaThread "Unconstrained build operations Thread 30" [_thread_blocked, id=11604, stack(0x000000427c200000,0x000000427c300000)]
  0x000001d01724c800 JavaThread "Unconstrained build operations Thread 31" [_thread_blocked, id=19452, stack(0x000000427c300000,0x000000427c400000)]
  0x000001d01724f000 JavaThread "Unconstrained build operations Thread 32" [_thread_blocked, id=8936, stack(0x000000427c400000,0x000000427c500000)]
  0x000001d01ceec800 JavaThread "Unconstrained build operations Thread 33" [_thread_blocked, id=17500, stack(0x000000427c500000,0x000000427c600000)]
  0x000001d01ceee800 JavaThread "jar transforms Thread 8" [_thread_blocked, id=18580, stack(0x000000427c600000,0x000000427c700000)]
  0x000001d01ceef000 JavaThread "build event listener" [_thread_blocked, id=15048, stack(0x000000427c800000,0x000000427c900000)]
  0x000001d01ceea800 JavaThread "Memory manager" [_thread_blocked, id=14016, stack(0x000000427c900000,0x000000427ca00000)]
  0x000001d01ceeb000 JavaThread "Cache worker for Build Output Cleanup Cache (D:\projetos\flashlight\android\.gradle\buildOutputCleanup)" [_thread_blocked, id=12936, stack(0x000000427cc00000,0x000000427cd00000)]
  0x000001d01cef1800 JavaThread "included builds" [_thread_blocked, id=15320, stack(0x000000427cd00000,0x000000427ce00000)]
  0x000001d01cef9000 JavaThread "Cache worker for execution history cache (D:\projetos\flashlight\node_modules\react-native-gradle-plugin\.gradle\7.3.3\executionHistory)" [_thread_blocked, id=15108, stack(0x000000427d500000,0x000000427d600000)]
  0x000001d01cef8000 JavaThread "Unconstrained build operations Thread 34" [_thread_blocked, id=17832, stack(0x000000427c700000,0x000000427c800000)]
  0x000001d01cef4000 JavaThread "Unconstrained build operations Thread 35" [_thread_blocked, id=12440, stack(0x000000427d600000,0x000000427d700000)]
  0x000001d01cef5000 JavaThread "Unconstrained build operations Thread 36" [_thread_blocked, id=6908, stack(0x000000427d700000,0x000000427d800000)]
  0x000001d01cef6800 JavaThread "Unconstrained build operations Thread 37" [_thread_blocked, id=18100, stack(0x000000427d800000,0x000000427d900000)]
  0x000001d01cef7800 JavaThread "Unconstrained build operations Thread 38" [_thread_blocked, id=11168, stack(0x000000427d900000,0x000000427da00000)]
  0x000001d01cdb7000 JavaThread "Unconstrained build operations Thread 39" [_thread_blocked, id=12352, stack(0x000000427da00000,0x000000427db00000)]
  0x000001d01cdbc000 JavaThread "Unconstrained build operations Thread 40" [_thread_blocked, id=11356, stack(0x000000427db00000,0x000000427dc00000)]
  0x000001d01cdb9800 JavaThread "Unconstrained build operations Thread 41" [_thread_blocked, id=16188, stack(0x000000427dc00000,0x000000427dd00000)]
  0x000001d01cdbc800 JavaThread "Unconstrained build operations Thread 42" [_thread_blocked, id=12836, stack(0x000000427dd00000,0x000000427de00000)]
  0x000001d01cdba000 JavaThread "Unconstrained build operations Thread 43" [_thread_blocked, id=10720, stack(0x000000427de00000,0x000000427df00000)]
  0x000001d01cdb8800 JavaThread "Unconstrained build operations Thread 44" [_thread_blocked, id=7260, stack(0x000000427df00000,0x000000427e000000)]
  0x000001d01cdbd800 JavaThread "Unconstrained build operations Thread 45" [_thread_blocked, id=5872, stack(0x000000427e000000,0x000000427e100000)]
  0x000001d01cdb8000 JavaThread "Unconstrained build operations Thread 46" [_thread_blocked, id=11656, stack(0x000000427e100000,0x000000427e200000)]
  0x000001d01cdbe800 JavaThread "Unconstrained build operations Thread 47" [_thread_blocked, id=12376, stack(0x000000427e200000,0x000000427e300000)]
  0x000001d01cdbf000 JavaThread "Unconstrained build operations Thread 48" [_thread_blocked, id=10064, stack(0x000000427e300000,0x000000427e400000)]
  0x000001d01cdbb000 JavaThread "Unconstrained build operations Thread 49" [_thread_blocked, id=15480, stack(0x000000427e400000,0x000000427e500000)]
  0x000001d01cdc1800 JavaThread "Unconstrained build operations Thread 50" [_thread_blocked, id=9720, stack(0x000000427e500000,0x000000427e600000)]
  0x000001d01cdc0000 JavaThread "Unconstrained build operations Thread 51" [_thread_blocked, id=14672, stack(0x000000427e600000,0x000000427e700000)]
  0x000001d01cdc4000 JavaThread "Unconstrained build operations Thread 52" [_thread_blocked, id=2664, stack(0x000000427e700000,0x000000427e800000)]
  0x000001d01cdc0800 JavaThread "Unconstrained build operations Thread 53" [_thread_blocked, id=9632, stack(0x000000427e800000,0x000000427e900000)]
  0x000001d01cdc2800 JavaThread "Unconstrained build operations Thread 54" [_thread_blocked, id=13400, stack(0x000000427e900000,0x000000427ea00000)]
=>0x000001d0189cb000 JavaThread "C2 CompilerThread1" daemon [_thread_in_native, id=10004, stack(0x000000427ea00000,0x000000427eb00000)]
  0x000001d01cdc5000 JavaThread "Unconstrained build operations Thread 55" [_thread_blocked, id=15608, stack(0x000000427eb00000,0x000000427ec00000)]
  0x000001d01cdc5800 JavaThread "Unconstrained build operations Thread 56" [_thread_blocked, id=12804, stack(0x000000427ce00000,0x000000427cf00000)]
  0x000001d01cdc3000 JavaThread "Unconstrained build operations Thread 57" [_thread_blocked, id=15708, stack(0x000000427cf00000,0x000000427d000000)]
  0x000001d01cef0000 JavaThread "Unconstrained build operations Thread 58" [_thread_blocked, id=6100, stack(0x000000427d000000,0x000000427d100000)]
  0x000001d01cef1000 JavaThread "Unconstrained build operations Thread 59" [_thread_blocked, id=12676, stack(0x000000427d100000,0x000000427d200000)]
  0x000001d01ceec000 JavaThread "Unconstrained build operations Thread 60" [_thread_blocked, id=18860, stack(0x000000427d200000,0x000000427d300000)]
  0x000001d01cef2800 JavaThread "Unconstrained build operations Thread 61" [_thread_blocked, id=18196, stack(0x000000427d300000,0x000000427d400000)]
  0x000001d01cef3800 JavaThread "Unconstrained build operations Thread 62" [_thread_blocked, id=4560, stack(0x000000427d400000,0x000000427d500000)]
  0x000001d01ceed800 JavaThread "Unconstrained build operations Thread 63" [_thread_blocked, id=17648, stack(0x000000427ec00000,0x000000427ed00000)]
  0x000001d01cef5800 JavaThread "Unconstrained build operations Thread 64" [_thread_blocked, id=7924, stack(0x000000427ed00000,0x000000427ee00000)]
  0x000001d0182db000 JavaThread "Unconstrained build operations Thread 65" [_thread_blocked, id=2764, stack(0x000000427ee00000,0x000000427ef00000)]
  0x000001d0182d9800 JavaThread "Unconstrained build operations Thread 66" [_thread_blocked, id=4608, stack(0x000000427ef00000,0x000000427f000000)]
  0x000001d0182d5800 JavaThread "Unconstrained build operations Thread 67" [_thread_blocked, id=18720, stack(0x000000427f000000,0x000000427f100000)]
  0x000001d0182d8800 JavaThread "Unconstrained build operations Thread 68" [_thread_blocked, id=15212, stack(0x000000427f100000,0x000000427f200000)]
  0x000001d0182d7800 JavaThread "Unconstrained build operations Thread 69" [_thread_blocked, id=8408, stack(0x000000427f200000,0x000000427f300000)]
  0x000001d0182d6000 JavaThread "Unconstrained build operations Thread 70" [_thread_blocked, id=12228, stack(0x000000427f300000,0x000000427f400000)]
  0x000001d0182dc000 JavaThread "Unconstrained build operations Thread 71" [_thread_blocked, id=9564, stack(0x000000427f400000,0x000000427f500000)]
  0x000001d0182dc800 JavaThread "Unconstrained build operations Thread 72" [_thread_blocked, id=7708, stack(0x000000427f500000,0x000000427f600000)]
  0x000001d0182da000 JavaThread "Unconstrained build operations Thread 73" [_thread_blocked, id=17772, stack(0x000000427f600000,0x000000427f700000)]
  0x000001d0182d7000 JavaThread "Unconstrained build operations Thread 74" [_thread_blocked, id=11580, stack(0x000000427f700000,0x000000427f800000)]
  0x000001d0182e1800 JavaThread "Unconstrained build operations Thread 75" [_thread_blocked, id=15476, stack(0x000000427f800000,0x000000427f900000)]
  0x000001d0182e2800 JavaThread "Unconstrained build operations Thread 76" [_thread_blocked, id=14924, stack(0x000000427f900000,0x000000427fa00000)]
  0x000001d0182e3000 JavaThread "Unconstrained build operations Thread 77" [_thread_blocked, id=4396, stack(0x000000427fa00000,0x000000427fb00000)]
  0x000001d0182dd800 JavaThread "Unconstrained build operations Thread 78" [_thread_blocked, id=15720, stack(0x000000427fb00000,0x000000427fc00000)]
  0x000001d0182e0000 JavaThread "Unconstrained build operations Thread 79" [_thread_blocked, id=15160, stack(0x000000427fc00000,0x000000427fd00000)]
  0x000001d0182e4000 JavaThread "Unconstrained build operations Thread 80" [_thread_blocked, id=15352, stack(0x000000427fd00000,0x000000427fe00000)]

Other Threads:
  0x000001d07fcae000 VMThread "VM Thread" [stack: 0x0000004277300000,0x0000004277400000] [id=18816]
  0x000001d0159e6800 WatcherThread [stack: 0x0000004277d00000,0x0000004277e00000] [id=3400]
  0x000001d075c19000 GCTaskThread "GC Thread#0" [stack: 0x0000004276e00000,0x0000004276f00000] [id=5408]
  0x000001d015ab4000 GCTaskThread "GC Thread#1" [stack: 0x0000004277e00000,0x0000004277f00000] [id=14752]
  0x000001d015def800 GCTaskThread "GC Thread#2" [stack: 0x0000004277f00000,0x0000004278000000] [id=14232]
  0x000001d0163e1800 GCTaskThread "GC Thread#3" [stack: 0x0000004278000000,0x0000004278100000] [id=16972]
  0x000001d015c1f800 GCTaskThread "GC Thread#4" [stack: 0x0000004278e00000,0x0000004278f00000] [id=14072]
  0x000001d015944000 GCTaskThread "GC Thread#5" [stack: 0x0000004278f00000,0x0000004279000000] [id=19372]
  0x000001d0168d7800 GCTaskThread "GC Thread#6" [stack: 0x0000004279000000,0x0000004279100000] [id=9348]
  0x000001d017d08800 GCTaskThread "GC Thread#7" [stack: 0x0000004279100000,0x0000004279200000] [id=15532]
  0x000001d075c4d000 ConcurrentGCThread "G1 Main Marker" [stack: 0x0000004276f00000,0x0000004277000000] [id=9676]
  0x000001d075c4e800 ConcurrentGCThread "G1 Conc#0" [stack: 0x0000004277000000,0x0000004277100000] [id=17888]
  0x000001d017b3f800 ConcurrentGCThread "G1 Conc#1" [stack: 0x0000004279200000,0x0000004279300000] [id=18560]
  0x000001d07fb20800 ConcurrentGCThread "G1 Refine#0" [stack: 0x0000004277100000,0x0000004277200000] [id=11612]
  0x000001d07fb21800 ConcurrentGCThread "G1 Young RemSet Sampling" [stack: 0x0000004277200000,0x0000004277300000] [id=728]

Threads with active compile tasks:
C2 CompilerThread0  37500 7789       4       org.gradle.internal.reflect.MethodSet::add (50 bytes)
C2 CompilerThread1  37501 7745       4       org.gradle.cache.internal.btree.FreeListBlockStore::read (12 bytes)

VM state:not at safepoint (normal execution)

VM Mutex/Monitor currently owned by a thread: None

Heap address: 0x0000000080000000, size: 2048 MB, Compressed Oops mode: 32-bit
Narrow klass base: 0x0000000000000000, Narrow klass shift: 3
Compressed class space size: 528482304 Address: 0x0000000100000000

Heap:
 garbage-first heap   total 180224K, used 53949K [0x0000000080000000, 0x0000000100000000)
  region size 1024K, 12 young (12288K), 10 survivors (10240K)
 Metaspace       used 68865K, capacity 70963K, committed 71176K, reserved 579584K
  class space    used 8909K, capacity 9709K, committed 9728K, reserved 516096K
Heap Regions: E=young(eden), S=young(survivor), O=old, HS=humongous(starts), HC=humongous(continues), CS=collection set, F=free, A=archive, TAMS=top-at-mark-start (previous, next)
|   0|0x0000000080000000, 0x0000000080100000, 0x0000000080100000|100%| O|  |TAMS 0x0000000080100000, 0x0000000080000000| Untracked 
|   1|0x0000000080100000, 0x0000000080200000, 0x0000000080200000|100%| O|  |TAMS 0x0000000080200000, 0x0000000080100000| Untracked 
|   2|0x0000000080200000, 0x0000000080300000, 0x0000000080300000|100%| O|  |TAMS 0x0000000080300000, 0x0000000080200000| Untracked 
|   3|0x0000000080300000, 0x0000000080400000, 0x0000000080400000|100%|HS|  |TAMS 0x0000000080400000, 0x0000000080300000| Complete 
|   4|0x0000000080400000, 0x0000000080500000, 0x0000000080500000|100%|HC|  |TAMS 0x0000000080500000, 0x0000000080400000| Complete 
|   5|0x0000000080500000, 0x0000000080600000, 0x0000000080600000|100%|HC|  |TAMS 0x0000000080600000, 0x0000000080500000| Complete 
|   6|0x0000000080600000, 0x0000000080700000, 0x0000000080700000|100%| O|  |TAMS 0x0000000080700000, 0x0000000080600000| Untracked 
|   7|0x0000000080700000, 0x0000000080800000, 0x0000000080800000|100%| O|  |TAMS 0x0000000080800000, 0x0000000080700000| Untracked 
|   8|0x0000000080800000, 0x0000000080900000, 0x0000000080900000|100%| O|  |TAMS 0x0000000080900000, 0x0000000080800000| Untracked 
|   9|0x0000000080900000, 0x0000000080a00000, 0x0000000080a00000|100%| O|  |TAMS 0x0000000080a00000, 0x0000000080900000| Untracked 
|  10|0x0000000080a00000, 0x0000000080b00000, 0x0000000080b00000|100%| O|  |TAMS 0x0000000080b00000, 0x0000000080a00000| Untracked 
|  11|0x0000000080b00000, 0x0000000080c00000, 0x0000000080c00000|100%| O|  |TAMS 0x0000000080c00000, 0x0000000080b00000| Untracked 
|  12|0x0000000080c00000, 0x0000000080d00000, 0x0000000080d00000|100%| O|  |TAMS 0x0000000080d00000, 0x0000000080c00000| Untracked 
|  13|0x0000000080d00000, 0x0000000080e00000, 0x0000000080e00000|100%| O|  |TAMS 0x0000000080e00000, 0x0000000080d00000| Untracked 
|  14|0x0000000080e00000, 0x0000000080f00000, 0x0000000080f00000|100%| O|  |TAMS 0x0000000080f00000, 0x0000000080e00000| Untracked 
|  15|0x0000000080f00000, 0x0000000081000000, 0x0000000081000000|100%| O|  |TAMS 0x0000000081000000, 0x0000000080f00000| Untracked 
|  16|0x0000000081000000, 0x0000000081100000, 0x0000000081100000|100%| O|  |TAMS 0x0000000081100000, 0x0000000081000000| Untracked 
|  17|0x0000000081100000, 0x0000000081200000, 0x0000000081200000|100%| O|  |TAMS 0x0000000081200000, 0x0000000081100000| Untracked 
|  18|0x0000000081200000, 0x0000000081300000, 0x0000000081300000|100%| O|  |TAMS 0x0000000081300000, 0x0000000081200000| Untracked 
|  19|0x0000000081300000, 0x0000000081400000, 0x0000000081400000|100%| O|  |TAMS 0x0000000081400000, 0x0000000081300000| Untracked 
|  20|0x0000000081400000, 0x0000000081500000, 0x0000000081500000|100%| O|  |TAMS 0x0000000081500000, 0x0000000081400000| Untracked 
|  21|0x0000000081500000, 0x0000000081600000, 0x0000000081600000|100%| O|  |TAMS 0x0000000081600000, 0x0000000081500000| Untracked 
|  22|0x0000000081600000, 0x0000000081700000, 0x0000000081700000|100%|HS|  |TAMS 0x0000000081700000, 0x0000000081600000| Complete 
|  23|0x0000000081700000, 0x0000000081800000, 0x0000000081800000|100%|HS|  |TAMS 0x0000000081800000, 0x0000000081700000| Complete 
|  24|0x0000000081800000, 0x0000000081900000, 0x0000000081900000|100%|HC|  |TAMS 0x0000000081900000, 0x0000000081800000| Complete 
|  25|0x0000000081900000, 0x0000000081a00000, 0x0000000081a00000|100%|HC|  |TAMS 0x0000000081a00000, 0x0000000081900000| Complete 
|  26|0x0000000081a00000, 0x0000000081b00000, 0x0000000081b00000|100%| O|  |TAMS 0x0000000081b00000, 0x0000000081a00000| Untracked 
|  27|0x0000000081b00000, 0x0000000081c00000, 0x0000000081c00000|100%| O|  |TAMS 0x0000000081c00000, 0x0000000081b00000| Untracked 
|  28|0x0000000081c00000, 0x0000000081d00000, 0x0000000081d00000|100%| O|  |TAMS 0x0000000081d00000, 0x0000000081c00000| Untracked 
|  29|0x0000000081d00000, 0x0000000081e00000, 0x0000000081e00000|100%| O|  |TAMS 0x0000000081e00000, 0x0000000081d00000| Untracked 
|  30|0x0000000081e00000, 0x0000000081f00000, 0x0000000081f00000|100%| O|  |TAMS 0x0000000081f00000, 0x0000000081e00000| Untracked 
|  31|0x0000000081f00000, 0x0000000082000000, 0x0000000082000000|100%| O|  |TAMS 0x0000000082000000, 0x0000000081f00000| Untracked 
|  32|0x0000000082000000, 0x0000000082100000, 0x0000000082100000|100%| O|  |TAMS 0x0000000082100000, 0x0000000082000000| Untracked 
|  33|0x0000000082100000, 0x0000000082200000, 0x0000000082200000|100%| O|  |TAMS 0x0000000082200000, 0x0000000082100000| Untracked 
|  34|0x0000000082200000, 0x0000000082300000, 0x0000000082300000|100%| O|  |TAMS 0x0000000082300000, 0x0000000082200000| Untracked 
|  35|0x0000000082300000, 0x0000000082400000, 0x0000000082400000|100%| O|  |TAMS 0x00000000823a0200, 0x0000000082300000| Untracked 
|  36|0x0000000082400000, 0x0000000082500000, 0x0000000082500000|100%| O|  |TAMS 0x0000000082400000, 0x0000000082400000| Untracked 
|  37|0x0000000082500000, 0x0000000082600000, 0x0000000082600000|100%| O|  |TAMS 0x0000000082500000, 0x0000000082500000| Untracked 
|  38|0x0000000082600000, 0x0000000082700000, 0x0000000082700000|100%| O|  |TAMS 0x0000000082600000, 0x0000000082600000| Untracked 
|  39|0x0000000082700000, 0x0000000082800000, 0x0000000082800000|100%| O|  |TAMS 0x0000000082700000, 0x0000000082700000| Untracked 
|  40|0x0000000082800000, 0x00000000828d2600, 0x0000000082900000| 82%| O|  |TAMS 0x0000000082800000, 0x0000000082800000| Untracked 
|  41|0x0000000082900000, 0x0000000082a00000, 0x0000000082a00000|100%|HS|  |TAMS 0x0000000082900000, 0x0000000082900000| Complete 
|  42|0x0000000082a00000, 0x0000000082a00000, 0x0000000082b00000|  0%| F|  |TAMS 0x0000000082a00000, 0x0000000082a00000| Untracked 
|  43|0x0000000082b00000, 0x0000000082b00000, 0x0000000082c00000|  0%| F|  |TAMS 0x0000000082b00000, 0x0000000082b00000| Untracked 
|  44|0x0000000082c00000, 0x0000000082c00000, 0x0000000082d00000|  0%| F|  |TAMS 0x0000000082c00000, 0x0000000082c00000| Untracked 
|  45|0x0000000082d00000, 0x0000000082d00000, 0x0000000082e00000|  0%| F|  |TAMS 0x0000000082d00000, 0x0000000082d00000| Untracked 
|  46|0x0000000082e00000, 0x0000000082e00000, 0x0000000082f00000|  0%| F|  |TAMS 0x0000000082e00000, 0x0000000082e00000| Untracked 
|  47|0x0000000082f00000, 0x0000000082f00000, 0x0000000083000000|  0%| F|  |TAMS 0x0000000082f00000, 0x0000000082f00000| Untracked 
|  48|0x0000000083000000, 0x0000000083000000, 0x0000000083100000|  0%| F|  |TAMS 0x0000000083000000, 0x0000000083000000| Untracked 
|  49|0x0000000083100000, 0x0000000083100000, 0x0000000083200000|  0%| F|  |TAMS 0x0000000083100000, 0x0000000083100000| Untracked 
|  50|0x0000000083200000, 0x0000000083200000, 0x0000000083300000|  0%| F|  |TAMS 0x0000000083200000, 0x0000000083200000| Untracked 
|  51|0x0000000083300000, 0x0000000083300000, 0x0000000083400000|  0%| F|  |TAMS 0x0000000083300000, 0x0000000083300000| Untracked 
|  52|0x0000000083400000, 0x0000000083400000, 0x0000000083500000|  0%| F|  |TAMS 0x0000000083400000, 0x0000000083400000| Untracked 
|  53|0x0000000083500000, 0x0000000083500000, 0x0000000083600000|  0%| F|  |TAMS 0x0000000083500000, 0x0000000083500000| Untracked 
|  54|0x0000000083600000, 0x0000000083600000, 0x0000000083700000|  0%| F|  |TAMS 0x0000000083600000, 0x0000000083600000| Untracked 
|  55|0x0000000083700000, 0x0000000083700000, 0x0000000083800000|  0%| F|  |TAMS 0x0000000083700000, 0x0000000083700000| Untracked 
|  56|0x0000000083800000, 0x0000000083800000, 0x0000000083900000|  0%| F|  |TAMS 0x0000000083800000, 0x0000000083800000| Untracked 
|  57|0x0000000083900000, 0x0000000083900000, 0x0000000083a00000|  0%| F|  |TAMS 0x0000000083900000, 0x0000000083900000| Untracked 
|  58|0x0000000083a00000, 0x0000000083a00000, 0x0000000083b00000|  0%| F|  |TAMS 0x0000000083a00000, 0x0000000083a00000| Untracked 
|  59|0x0000000083b00000, 0x0000000083b00000, 0x0000000083c00000|  0%| F|  |TAMS 0x0000000083b00000, 0x0000000083b00000| Untracked 
|  60|0x0000000083c00000, 0x0000000083c00000, 0x0000000083d00000|  0%| F|  |TAMS 0x0000000083c00000, 0x0000000083c00000| Untracked 
|  61|0x0000000083d00000, 0x0000000083d00000, 0x0000000083e00000|  0%| F|  |TAMS 0x0000000083d00000, 0x0000000083d00000| Untracked 
|  62|0x0000000083e00000, 0x0000000083e00000, 0x0000000083f00000|  0%| F|  |TAMS 0x0000000083e00000, 0x0000000083e00000| Untracked 
|  63|0x0000000083f00000, 0x0000000083f00000, 0x0000000084000000|  0%| F|  |TAMS 0x0000000083f00000, 0x0000000083f00000| Untracked 
|  64|0x0000000084000000, 0x0000000084000000, 0x0000000084100000|  0%| F|  |TAMS 0x0000000084000000, 0x0000000084000000| Untracked 
|  65|0x0000000084100000, 0x0000000084100000, 0x0000000084200000|  0%| F|  |TAMS 0x0000000084100000, 0x0000000084100000| Untracked 
|  66|0x0000000084200000, 0x0000000084200000, 0x0000000084300000|  0%| F|  |TAMS 0x0000000084200000, 0x0000000084200000| Untracked 
|  67|0x0000000084300000, 0x0000000084300000, 0x0000000084400000|  0%| F|  |TAMS 0x0000000084300000, 0x0000000084300000| Untracked 
|  68|0x0000000084400000, 0x0000000084400000, 0x0000000084500000|  0%| F|  |TAMS 0x0000000084400000, 0x0000000084400000| Untracked 
|  69|0x0000000084500000, 0x0000000084500000, 0x0000000084600000|  0%| F|  |TAMS 0x0000000084500000, 0x0000000084500000| Untracked 
|  70|0x0000000084600000, 0x0000000084600000, 0x0000000084700000|  0%| F|  |TAMS 0x0000000084600000, 0x0000000084600000| Untracked 
|  71|0x0000000084700000, 0x0000000084700000, 0x0000000084800000|  0%| F|  |TAMS 0x0000000084700000, 0x0000000084700000| Untracked 
|  72|0x0000000084800000, 0x0000000084800000, 0x0000000084900000|  0%| F|  |TAMS 0x0000000084800000, 0x0000000084800000| Untracked 
|  73|0x0000000084900000, 0x00000000849dce38, 0x0000000084a00000| 86%| S|CS|TAMS 0x0000000084900000, 0x0000000084900000| Complete 
|  74|0x0000000084a00000, 0x0000000084b00000, 0x0000000084b00000|100%| S|CS|TAMS 0x0000000084a00000, 0x0000000084a00000| Complete 
|  75|0x0000000084b00000, 0x0000000084c00000, 0x0000000084c00000|100%| S|CS|TAMS 0x0000000084b00000, 0x0000000084b00000| Complete 
|  76|0x0000000084c00000, 0x0000000084d00000, 0x0000000084d00000|100%| S|CS|TAMS 0x0000000084c00000, 0x0000000084c00000| Complete 
|  77|0x0000000084d00000, 0x0000000084e00000, 0x0000000084e00000|100%| S|CS|TAMS 0x0000000084d00000, 0x0000000084d00000| Complete 
|  78|0x0000000084e00000, 0x0000000084e00000, 0x0000000084f00000|  0%| F|  |TAMS 0x0000000084e00000, 0x0000000084e00000| Untracked 
|  79|0x0000000084f00000, 0x0000000084f00000, 0x0000000085000000|  0%| F|  |TAMS 0x0000000084f00000, 0x0000000084f00000| Untracked 
|  80|0x0000000085000000, 0x0000000085000000, 0x0000000085100000|  0%| F|  |TAMS 0x0000000085000000, 0x0000000085000000| Untracked 
|  81|0x0000000085100000, 0x0000000085100000, 0x0000000085200000|  0%| F|  |TAMS 0x0000000085100000, 0x0000000085100000| Untracked 
|  82|0x0000000085200000, 0x0000000085200000, 0x0000000085300000|  0%| F|  |TAMS 0x0000000085200000, 0x0000000085200000| Untracked 
|  83|0x0000000085300000, 0x0000000085300000, 0x0000000085400000|  0%| F|  |TAMS 0x0000000085300000, 0x0000000085300000| Untracked 
|  84|0x0000000085400000, 0x0000000085400000, 0x0000000085500000|  0%| F|  |TAMS 0x0000000085400000, 0x0000000085400000| Untracked 
|  85|0x0000000085500000, 0x0000000085500000, 0x0000000085600000|  0%| F|  |TAMS 0x0000000085500000, 0x0000000085500000| Untracked 
|  86|0x0000000085600000, 0x0000000085600000, 0x0000000085700000|  0%| F|  |TAMS 0x0000000085600000, 0x0000000085600000| Untracked 
|  87|0x0000000085700000, 0x0000000085700000, 0x0000000085800000|  0%| F|  |TAMS 0x0000000085700000, 0x0000000085700000| Untracked 
|  88|0x0000000085800000, 0x0000000085900000, 0x0000000085900000|100%| S|CS|TAMS 0x0000000085800000, 0x0000000085800000| Complete 
|  89|0x0000000085900000, 0x0000000085a00000, 0x0000000085a00000|100%| S|CS|TAMS 0x0000000085900000, 0x0000000085900000| Complete 
|  90|0x0000000085a00000, 0x0000000085b00000, 0x0000000085b00000|100%| S|CS|TAMS 0x0000000085a00000, 0x0000000085a00000| Complete 
|  91|0x0000000085b00000, 0x0000000085c00000, 0x0000000085c00000|100%| S|CS|TAMS 0x0000000085b00000, 0x0000000085b00000| Complete 
|  92|0x0000000085c00000, 0x0000000085d00000, 0x0000000085d00000|100%| S|CS|TAMS 0x0000000085c00000, 0x0000000085c00000| Complete 
|  93|0x0000000085d00000, 0x0000000085d00000, 0x0000000085e00000|  0%| F|  |TAMS 0x0000000085d00000, 0x0000000085d00000| Untracked 
|  94|0x0000000085e00000, 0x0000000085e00000, 0x0000000085f00000|  0%| F|  |TAMS 0x0000000085e00000, 0x0000000085e00000| Untracked 
|  95|0x0000000085f00000, 0x0000000085f00000, 0x0000000086000000|  0%| F|  |TAMS 0x0000000085f00000, 0x0000000085f00000| Untracked 
|  96|0x0000000086000000, 0x0000000086000000, 0x0000000086100000|  0%| F|  |TAMS 0x0000000086000000, 0x0000000086000000| Untracked 
|  97|0x0000000086100000, 0x0000000086100000, 0x0000000086200000|  0%| F|  |TAMS 0x0000000086100000, 0x0000000086100000| Untracked 
|  98|0x0000000086200000, 0x0000000086200000, 0x0000000086300000|  0%| F|  |TAMS 0x0000000086200000, 0x0000000086200000| Untracked 
|  99|0x0000000086300000, 0x0000000086300000, 0x0000000086400000|  0%| F|  |TAMS 0x0000000086300000, 0x0000000086300000| Untracked 
| 100|0x0000000086400000, 0x0000000086400000, 0x0000000086500000|  0%| F|  |TAMS 0x0000000086400000, 0x0000000086400000| Untracked 
| 101|0x0000000086500000, 0x0000000086500000, 0x0000000086600000|  0%| F|  |TAMS 0x0000000086500000, 0x0000000086500000| Untracked 
| 102|0x0000000086600000, 0x0000000086600000, 0x0000000086700000|  0%| F|  |TAMS 0x0000000086600000, 0x0000000086600000| Untracked 
| 103|0x0000000086700000, 0x0000000086700000, 0x0000000086800000|  0%| F|  |TAMS 0x0000000086700000, 0x0000000086700000| Untracked 
| 104|0x0000000086800000, 0x0000000086800000, 0x0000000086900000|  0%| F|  |TAMS 0x0000000086800000, 0x0000000086800000| Untracked 
| 105|0x0000000086900000, 0x0000000086900000, 0x0000000086a00000|  0%| F|  |TAMS 0x0000000086900000, 0x0000000086900000| Untracked 
| 106|0x0000000086a00000, 0x0000000086a00000, 0x0000000086b00000|  0%| F|  |TAMS 0x0000000086a00000, 0x0000000086a00000| Untracked 
| 107|0x0000000086b00000, 0x0000000086b00000, 0x0000000086c00000|  0%| F|  |TAMS 0x0000000086b00000, 0x0000000086b00000| Untracked 
| 108|0x0000000086c00000, 0x0000000086c00000, 0x0000000086d00000|  0%| F|  |TAMS 0x0000000086c00000, 0x0000000086c00000| Untracked 
| 109|0x0000000086d00000, 0x0000000086d00000, 0x0000000086e00000|  0%| F|  |TAMS 0x0000000086d00000, 0x0000000086d00000| Untracked 
| 110|0x0000000086e00000, 0x0000000086e00000, 0x0000000086f00000|  0%| F|  |TAMS 0x0000000086e00000, 0x0000000086e00000| Untracked 
| 111|0x0000000086f00000, 0x0000000086f00000, 0x0000000087000000|  0%| F|  |TAMS 0x0000000086f00000, 0x0000000086f00000| Untracked 
| 112|0x0000000087000000, 0x0000000087000000, 0x0000000087100000|  0%| F|  |TAMS 0x0000000087000000, 0x0000000087000000| Untracked 
| 113|0x0000000087100000, 0x0000000087100000, 0x0000000087200000|  0%| F|  |TAMS 0x0000000087100000, 0x0000000087100000| Untracked 
| 114|0x0000000087200000, 0x0000000087200000, 0x0000000087300000|  0%| F|  |TAMS 0x0000000087200000, 0x0000000087200000| Untracked 
| 115|0x0000000087300000, 0x0000000087300000, 0x0000000087400000|  0%| F|  |TAMS 0x0000000087300000, 0x0000000087300000| Untracked 
| 116|0x0000000087400000, 0x0000000087400000, 0x0000000087500000|  0%| F|  |TAMS 0x0000000087400000, 0x0000000087400000| Untracked 
| 117|0x0000000087500000, 0x0000000087500000, 0x0000000087600000|  0%| F|  |TAMS 0x0000000087500000, 0x0000000087500000| Untracked 
| 118|0x0000000087600000, 0x0000000087600000, 0x0000000087700000|  0%| F|  |TAMS 0x0000000087600000, 0x0000000087600000| Untracked 
| 119|0x0000000087700000, 0x0000000087700000, 0x0000000087800000|  0%| F|  |TAMS 0x0000000087700000, 0x0000000087700000| Untracked 
| 120|0x0000000087800000, 0x0000000087800000, 0x0000000087900000|  0%| F|  |TAMS 0x0000000087800000, 0x0000000087800000| Untracked 
| 121|0x0000000087900000, 0x0000000087900000, 0x0000000087a00000|  0%| F|  |TAMS 0x0000000087900000, 0x0000000087900000| Untracked 
| 122|0x0000000087a00000, 0x0000000087a00000, 0x0000000087b00000|  0%| F|  |TAMS 0x0000000087a00000, 0x0000000087a00000| Untracked 
| 123|0x0000000087b00000, 0x0000000087b00000, 0x0000000087c00000|  0%| F|  |TAMS 0x0000000087b00000, 0x0000000087b00000| Untracked 
| 124|0x0000000087c00000, 0x0000000087c00000, 0x0000000087d00000|  0%| F|  |TAMS 0x0000000087c00000, 0x0000000087c00000| Untracked 
| 125|0x0000000087d00000, 0x0000000087d00000, 0x0000000087e00000|  0%| F|  |TAMS 0x0000000087d00000, 0x0000000087d00000| Untracked 
| 126|0x0000000087e00000, 0x0000000087e00000, 0x0000000087f00000|  0%| F|  |TAMS 0x0000000087e00000, 0x0000000087e00000| Untracked 
| 127|0x0000000087f00000, 0x0000000087f00000, 0x0000000088000000|  0%| F|  |TAMS 0x0000000087f00000, 0x0000000087f00000| Untracked 
| 128|0x0000000088000000, 0x0000000088000000, 0x0000000088100000|  0%| F|  |TAMS 0x0000000088000000, 0x0000000088000000| Untracked 
| 129|0x0000000088100000, 0x0000000088100000, 0x0000000088200000|  0%| F|  |TAMS 0x0000000088100000, 0x0000000088100000| Untracked 
| 130|0x0000000088200000, 0x0000000088200000, 0x0000000088300000|  0%| F|  |TAMS 0x0000000088200000, 0x0000000088200000| Untracked 
| 131|0x0000000088300000, 0x0000000088300000, 0x0000000088400000|  0%| F|  |TAMS 0x0000000088300000, 0x0000000088300000| Untracked 
| 132|0x0000000088400000, 0x0000000088400000, 0x0000000088500000|  0%| F|  |TAMS 0x0000000088400000, 0x0000000088400000| Untracked 
| 133|0x0000000088500000, 0x0000000088500000, 0x0000000088600000|  0%| F|  |TAMS 0x0000000088500000, 0x0000000088500000| Untracked 
| 134|0x0000000088600000, 0x0000000088600000, 0x0000000088700000|  0%| F|  |TAMS 0x0000000088600000, 0x0000000088600000| Untracked 
| 135|0x0000000088700000, 0x0000000088700000, 0x0000000088800000|  0%| F|  |TAMS 0x0000000088700000, 0x0000000088700000| Untracked 
| 136|0x0000000088800000, 0x0000000088800000, 0x0000000088900000|  0%| F|  |TAMS 0x0000000088800000, 0x0000000088800000| Untracked 
| 137|0x0000000088900000, 0x0000000088900000, 0x0000000088a00000|  0%| F|  |TAMS 0x0000000088900000, 0x0000000088900000| Untracked 
| 138|0x0000000088a00000, 0x0000000088a00000, 0x0000000088b00000|  0%| F|  |TAMS 0x0000000088a00000, 0x0000000088a00000| Untracked 
| 139|0x0000000088b00000, 0x0000000088b00000, 0x0000000088c00000|  0%| F|  |TAMS 0x0000000088b00000, 0x0000000088b00000| Untracked 
| 140|0x0000000088c00000, 0x0000000088c00000, 0x0000000088d00000|  0%| F|  |TAMS 0x0000000088c00000, 0x0000000088c00000| Untracked 
| 141|0x0000000088d00000, 0x0000000088d00000, 0x0000000088e00000|  0%| F|  |TAMS 0x0000000088d00000, 0x0000000088d00000| Untracked 
| 142|0x0000000088e00000, 0x0000000088e00000, 0x0000000088f00000|  0%| F|  |TAMS 0x0000000088e00000, 0x0000000088e00000| Untracked 
| 143|0x0000000088f00000, 0x0000000088f00000, 0x0000000089000000|  0%| F|  |TAMS 0x0000000088f00000, 0x0000000088f00000| Untracked 
| 144|0x0000000089000000, 0x0000000089000000, 0x0000000089100000|  0%| F|  |TAMS 0x0000000089000000, 0x0000000089000000| Untracked 
| 145|0x0000000089100000, 0x0000000089100000, 0x0000000089200000|  0%| F|  |TAMS 0x0000000089100000, 0x0000000089100000| Untracked 
| 146|0x0000000089200000, 0x0000000089200000, 0x0000000089300000|  0%| F|  |TAMS 0x0000000089200000, 0x0000000089200000| Untracked 
| 147|0x0000000089300000, 0x0000000089300000, 0x0000000089400000|  0%| F|  |TAMS 0x0000000089300000, 0x0000000089300000| Untracked 
| 148|0x0000000089400000, 0x0000000089400000, 0x0000000089500000|  0%| F|  |TAMS 0x0000000089400000, 0x0000000089400000| Untracked 
| 149|0x0000000089500000, 0x0000000089500000, 0x0000000089600000|  0%| F|  |TAMS 0x0000000089500000, 0x0000000089500000| Untracked 
| 150|0x0000000089600000, 0x0000000089600000, 0x0000000089700000|  0%| F|  |TAMS 0x0000000089600000, 0x0000000089600000| Untracked 
| 151|0x0000000089700000, 0x0000000089700000, 0x0000000089800000|  0%| F|  |TAMS 0x0000000089700000, 0x0000000089700000| Untracked 
| 152|0x0000000089800000, 0x0000000089800000, 0x0000000089900000|  0%| F|  |TAMS 0x0000000089800000, 0x0000000089800000| Untracked 
| 153|0x0000000089900000, 0x0000000089900000, 0x0000000089a00000|  0%| F|  |TAMS 0x0000000089900000, 0x0000000089900000| Untracked 
| 154|0x0000000089a00000, 0x0000000089a00000, 0x0000000089b00000|  0%| F|  |TAMS 0x0000000089a00000, 0x0000000089a00000| Untracked 
| 155|0x0000000089b00000, 0x0000000089b00000, 0x0000000089c00000|  0%| F|  |TAMS 0x0000000089b00000, 0x0000000089b00000| Untracked 
| 156|0x0000000089c00000, 0x0000000089c00000, 0x0000000089d00000|  0%| F|  |TAMS 0x0000000089c00000, 0x0000000089c00000| Untracked 
| 157|0x0000000089d00000, 0x0000000089d00000, 0x0000000089e00000|  0%| F|  |TAMS 0x0000000089d00000, 0x0000000089d00000| Untracked 
| 158|0x0000000089e00000, 0x0000000089e00000, 0x0000000089f00000|  0%| F|  |TAMS 0x0000000089e00000, 0x0000000089e00000| Untracked 
| 159|0x0000000089f00000, 0x0000000089f00000, 0x000000008a000000|  0%| F|  |TAMS 0x0000000089f00000, 0x0000000089f00000| Untracked 
| 160|0x000000008a000000, 0x000000008a000000, 0x000000008a100000|  0%| F|  |TAMS 0x000000008a000000, 0x000000008a000000| Untracked 
| 161|0x000000008a100000, 0x000000008a100000, 0x000000008a200000|  0%| F|  |TAMS 0x000000008a100000, 0x000000008a100000| Untracked 
| 162|0x000000008a200000, 0x000000008a200000, 0x000000008a300000|  0%| F|  |TAMS 0x000000008a200000, 0x000000008a200000| Untracked 
| 163|0x000000008a300000, 0x000000008a300000, 0x000000008a400000|  0%| F|  |TAMS 0x000000008a300000, 0x000000008a300000| Untracked 
| 164|0x000000008a400000, 0x000000008a400000, 0x000000008a500000|  0%| F|  |TAMS 0x000000008a400000, 0x000000008a400000| Untracked 
| 165|0x000000008a500000, 0x000000008a500000, 0x000000008a600000|  0%| F|  |TAMS 0x000000008a500000, 0x000000008a500000| Untracked 
| 166|0x000000008a600000, 0x000000008a600000, 0x000000008a700000|  0%| F|  |TAMS 0x000000008a600000, 0x000000008a600000| Untracked 
| 167|0x000000008a700000, 0x000000008a700000, 0x000000008a800000|  0%| F|  |TAMS 0x000000008a700000, 0x000000008a700000| Untracked 
| 168|0x000000008a800000, 0x000000008a800000, 0x000000008a900000|  0%| F|  |TAMS 0x000000008a800000, 0x000000008a800000| Untracked 
| 169|0x000000008a900000, 0x000000008a900000, 0x000000008aa00000|  0%| F|  |TAMS 0x000000008a900000, 0x000000008a900000| Untracked 
| 170|0x000000008aa00000, 0x000000008aa00000, 0x000000008ab00000|  0%| F|  |TAMS 0x000000008aa00000, 0x000000008aa00000| Untracked 
| 171|0x000000008ab00000, 0x000000008ab00000, 0x000000008ac00000|  0%| F|  |TAMS 0x000000008ab00000, 0x000000008ab00000| Untracked 
| 172|0x000000008ac00000, 0x000000008ac00000, 0x000000008ad00000|  0%| F|  |TAMS 0x000000008ac00000, 0x000000008ac00000| Untracked 
| 173|0x000000008ad00000, 0x000000008ad00000, 0x000000008ae00000|  0%| F|  |TAMS 0x000000008ad00000, 0x000000008ad00000| Untracked 
| 174|0x000000008ae00000, 0x000000008ae9c4b8, 0x000000008af00000| 61%| E|  |TAMS 0x000000008ae00000, 0x000000008ae00000| Complete 
| 175|0x000000008af00000, 0x000000008b000000, 0x000000008b000000|100%| E|CS|TAMS 0x000000008af00000, 0x000000008af00000| Complete 

Card table byte_map: [0x000001d07ea70000,0x000001d07ee70000] _byte_map_base: 0x000001d07e670000

Marking Bits (Prev, Next): (CMBitMap*) 0x000001d075c442f0, (CMBitMap*) 0x000001d075c442b8
 Prev Bits: [0x000001d011000000, 0x000001d013000000)
 Next Bits: [0x000001d00f000000, 0x000001d011000000)

Polling page: 0x000001d0753e0000

Metaspace:

Usage:
  Non-class:     59.82 MB capacity,    58.55 MB ( 98%) used,     1.06 MB (  2%) free+waste,   209.81 KB ( <1%) overhead. 
      Class:      9.48 MB capacity,     8.70 MB ( 92%) used,   699.36 KB (  7%) free+waste,   100.13 KB (  1%) overhead. 
       Both:     69.30 MB capacity,    67.25 MB ( 97%) used,     1.75 MB (  3%) free+waste,   309.94 KB ( <1%) overhead. 

Virtual space:
  Non-class space:       62.00 MB reserved,      60.01 MB ( 97%) committed 
      Class space:      504.00 MB reserved,       9.50 MB (  2%) committed 
             Both:      566.00 MB reserved,      69.51 MB ( 12%) committed 

Chunk freelists:
   Non-Class:  2.00 KB
       Class:  1.00 KB
        Both:  3.00 KB

MaxMetaspaceSize: 512.00 MB
CompressedClassSpaceSize: 504.00 MB
Initial GC threshold: 20.80 MB
Current GC threshold: 98.55 MB
CDS: off

CodeHeap 'non-profiled nmethods': size=120000Kb used=4584Kb max_used=4584Kb free=115415Kb
 bounds [0x000001d007ad0000, 0x000001d007f50000, 0x000001d00f000000]
CodeHeap 'profiled nmethods': size=120000Kb used=16631Kb max_used=16631Kb free=103368Kb
 bounds [0x000001d0005a0000, 0x000001d0015e0000, 0x000001d007ad0000]
CodeHeap 'non-nmethods': size=5760Kb used=2342Kb max_used=2380Kb free=3417Kb
 bounds [0x000001d000000000, 0x000001d000270000, 0x000001d0005a0000]
 total_blobs=8660 nmethods=7802 adapters=770
 compilation: enabled
              stopped_count=0, restarted_count=0
 full_count=0

Compilation events (20 events):
Event: 37.375 Thread 0x000001d015844000 nmethod 7777 0x000001d0015c3510 code [0x000001d0015c36c0, 0x000001d0015c3808]
Event: 37.375 Thread 0x000001d015844000 7778       3       com.esotericsoftware.kryo.io.Output::writeBytes (90 bytes)
Event: 37.376 Thread 0x000001d015844000 nmethod 7778 0x000001d0015c3910 code [0x000001d0015c3b20, 0x000001d0015c40c8]
Event: 37.380 Thread 0x000001d07fcec000 nmethod 7779 0x000001d007f49010 code [0x000001d007f491c0, 0x000001d007f49478]
Event: 37.380 Thread 0x000001d07fcec000 7780       4       java.net.URI$Parser::scan (76 bytes)
Event: 37.385 Thread 0x000001d07fcec000 nmethod 7780 0x000001d007f49690 code [0x000001d007f49840, 0x000001d007f49a48]
Event: 37.396 Thread 0x000001d015844000 7781       1       sun.nio.ch.NativeThread::current (2 bytes)
Event: 37.396 Thread 0x000001d015844000 nmethod 7781 0x000001d007f49c90 code [0x000001d007f49e40, 0x000001d007f49ed8]
Event: 37.399 Thread 0x000001d015844000 7782       3       org.gradle.internal.snapshot.impl.DirectorySnapshotter$DefaultExcludes$$Lambda$110/0x0000000100297440::test (8 bytes)
Event: 37.399 Thread 0x000001d015844000 nmethod 7782 0x000001d0015c4290 code [0x000001d0015c4440, 0x000001d0015c4698]
Event: 37.399 Thread 0x000001d015844000 7783       3       org.gradle.internal.snapshot.impl.DirectorySnapshotter$DefaultExcludes$$Lambda$109/0x0000000100297040::test (8 bytes)
Event: 37.399 Thread 0x000001d015844000 nmethod 7783 0x000001d0015c4790 code [0x000001d0015c4940, 0x000001d0015c4b98]
Event: 37.399 Thread 0x000001d015844000 7784       3       org.gradle.internal.snapshot.impl.DirectorySnapshotter$DefaultExcludes$EndMatcher::test (9 bytes)
Event: 37.400 Thread 0x000001d015844000 nmethod 7784 0x000001d0015c4c90 code [0x000001d0015c4ea0, 0x000001d0015c53a8]
Event: 37.400 Thread 0x000001d015844000 7785       3       org.gradle.internal.snapshot.impl.DirectorySnapshotter$DefaultExcludes$EndMatcher::test (9 bytes)
Event: 37.400 Thread 0x000001d015844000 nmethod 7785 0x000001d0015c5610 code [0x000001d0015c5800, 0x000001d0015c5ba8]
Event: 37.400 Thread 0x000001d015844000 7787       3       java.util.concurrent.LinkedBlockingQueue::dequeue (32 bytes)
Event: 37.401 Thread 0x000001d015844000 nmethod 7787 0x000001d0015c5d90 code [0x000001d0015c5f40, 0x000001d0015c6138]
Event: 37.401 Thread 0x000001d015844000 7786   !   3       java.util.concurrent.LinkedBlockingQueue::offer (131 bytes)
Event: 37.401 Thread 0x000001d07fcec000 7788       4       java.lang.invoke.VarHandleInts$FieldInstanceReadWrite::compareAndSet (24 bytes)

GC Heap History (18 events):
Event: 1.347 GC heap before
{Heap before GC invocations=0 (full 0):
 garbage-first heap   total 180224K, used 29696K [0x0000000080000000, 0x0000000100000000)
  region size 1024K, 24 young (24576K), 0 survivors (0K)
 Metaspace       used 10161K, capacity 10498K, committed 10624K, reserved 526336K
  class space    used 1041K, capacity 1138K, committed 1152K, reserved 516096K
}
Event: 1.357 GC heap after
{Heap after GC invocations=1 (full 0):
 garbage-first heap   total 180224K, used 9776K [0x0000000080000000, 0x0000000100000000)
  region size 1024K, 3 young (3072K), 3 survivors (3072K)
 Metaspace       used 10161K, capacity 10498K, committed 10624K, reserved 526336K
  class space    used 1041K, capacity 1138K, committed 1152K, reserved 516096K
}
Event: 6.876 GC heap before
{Heap before GC invocations=1 (full 0):
 garbage-first heap   total 180224K, used 101936K [0x0000000080000000, 0x0000000100000000)
  region size 1024K, 94 young (96256K), 3 survivors (3072K)
 Metaspace       used 20690K, capacity 21169K, committed 21296K, reserved 536576K
  class space    used 2478K, capacity 2659K, committed 2688K, reserved 516096K
}
Event: 6.891 GC heap after
{Heap after GC invocations=2 (full 0):
 garbage-first heap   total 180224K, used 17079K [0x0000000080000000, 0x0000000100000000)
  region size 1024K, 11 young (11264K), 11 survivors (11264K)
 Metaspace       used 20690K, capacity 21169K, committed 21296K, reserved 536576K
  class space    used 2478K, capacity 2659K, committed 2688K, reserved 516096K
}
Event: 7.633 GC heap before
{Heap before GC invocations=3 (full 0):
 garbage-first heap   total 180224K, used 42679K [0x0000000080000000, 0x0000000100000000)
  region size 1024K, 36 young (36864K), 11 survivors (11264K)
 Metaspace       used 22960K, capacity 23478K, committed 23728K, reserved 538624K
  class space    used 2848K, capacity 3004K, committed 3072K, reserved 516096K
}
Event: 7.643 GC heap after
{Heap after GC invocations=4 (full 0):
 garbage-first heap   total 180224K, used 18067K [0x0000000080000000, 0x0000000100000000)
  region size 1024K, 2 young (2048K), 2 survivors (2048K)
 Metaspace       used 22960K, capacity 23478K, committed 23728K, reserved 538624K
  class space    used 2848K, capacity 3004K, committed 3072K, reserved 516096K
}
Event: 11.086 GC heap before
{Heap before GC invocations=4 (full 0):
 garbage-first heap   total 180224K, used 104083K [0x0000000080000000, 0x0000000100000000)
  region size 1024K, 87 young (89088K), 2 survivors (2048K)
 Metaspace       used 34986K, capacity 35761K, committed 35920K, reserved 548864K
  class space    used 4441K, capacity 4768K, committed 4864K, reserved 516096K
}
Event: 11.098 GC heap after
{Heap after GC invocations=5 (full 0):
 garbage-first heap   total 180224K, used 22313K [0x0000000080000000, 0x0000000100000000)
  region size 1024K, 6 young (6144K), 6 survivors (6144K)
 Metaspace       used 34986K, capacity 35761K, committed 35920K, reserved 548864K
  class space    used 4441K, capacity 4768K, committed 4864K, reserved 516096K
}
Event: 25.485 GC heap before
{Heap before GC invocations=6 (full 0):
 garbage-first heap   total 180224K, used 126761K [0x0000000080000000, 0x0000000100000000)
  region size 1024K, 105 young (107520K), 6 survivors (6144K)
 Metaspace       used 42909K, capacity 44073K, committed 44368K, reserved 555008K
  class space    used 5312K, capacity 5768K, committed 5888K, reserved 516096K
}
Event: 25.498 GC heap after
{Heap after GC invocations=7 (full 0):
 garbage-first heap   total 180224K, used 29568K [0x0000000080000000, 0x0000000100000000)
  region size 1024K, 13 young (13312K), 13 survivors (13312K)
 Metaspace       used 42909K, capacity 44073K, committed 44368K, reserved 555008K
  class space    used 5312K, capacity 5768K, committed 5888K, reserved 516096K
}
Event: 30.277 GC heap before
{Heap before GC invocations=7 (full 0):
 garbage-first heap   total 180224K, used 122752K [0x0000000080000000, 0x0000000100000000)
  region size 1024K, 105 young (107520K), 13 survivors (13312K)
 Metaspace       used 49692K, capacity 51027K, committed 51280K, reserved 561152K
  class space    used 6334K, capacity 6852K, committed 6912K, reserved 516096K
}
Event: 30.292 GC heap after
{Heap after GC invocations=8 (full 0):
 garbage-first heap   total 180224K, used 32202K [0x0000000080000000, 0x0000000100000000)
  region size 1024K, 10 young (10240K), 10 survivors (10240K)
 Metaspace       used 49692K, capacity 51027K, committed 51280K, reserved 561152K
  class space    used 6334K, capacity 6852K, committed 6912K, reserved 516096K
}
Event: 32.817 GC heap before
{Heap before GC invocations=8 (full 0):
 garbage-first heap   total 180224K, used 133578K [0x0000000080000000, 0x0000000100000000)
  region size 1024K, 105 young (107520K), 10 survivors (10240K)
 Metaspace       used 58356K, capacity 59936K, committed 60112K, reserved 569344K
  class space    used 7547K, capacity 8200K, committed 8320K, reserved 516096K
}
Event: 32.829 GC heap after
{Heap after GC invocations=9 (full 0):
 garbage-first heap   total 180224K, used 42177K [0x0000000080000000, 0x0000000100000000)
  region size 1024K, 9 young (9216K), 9 survivors (9216K)
 Metaspace       used 58356K, capacity 59936K, committed 60112K, reserved 569344K
  class space    used 7547K, capacity 8200K, committed 8320K, reserved 516096K
}
Event: 32.849 GC heap before
{Heap before GC invocations=9 (full 0):
 garbage-first heap   total 180224K, used 43201K [0x0000000080000000, 0x0000000100000000)
  region size 1024K, 11 young (11264K), 9 survivors (9216K)
 Metaspace       used 58497K, capacity 60096K, committed 60296K, reserved 569344K
  class space    used 7557K, capacity 8232K, committed 8320K, reserved 516096K
}
Event: 32.858 GC heap after
{Heap after GC invocations=10 (full 0):
 garbage-first heap   total 180224K, used 42825K [0x0000000080000000, 0x0000000100000000)
  region size 1024K, 7 young (7168K), 7 survivors (7168K)
 Metaspace       used 58497K, capacity 60096K, committed 60296K, reserved 569344K
  class space    used 7557K, capacity 8232K, committed 8320K, reserved 516096K
}
Event: 34.518 GC heap before
{Heap before GC invocations=11 (full 0):
 garbage-first heap   total 180224K, used 125769K [0x0000000080000000, 0x0000000100000000)
  region size 1024K, 88 young (90112K), 7 survivors (7168K)
 Metaspace       used 63814K, capacity 65656K, committed 65928K, reserved 573440K
  class space    used 8271K, capacity 9029K, committed 9088K, reserved 516096K
}
Event: 34.528 GC heap after
{Heap after GC invocations=12 (full 0):
 garbage-first heap   total 180224K, used 45830K [0x0000000080000000, 0x0000000100000000)
  region size 1024K, 10 young (10240K), 10 survivors (10240K)
 Metaspace       used 63814K, capacity 65656K, committed 65928K, reserved 573440K
  class space    used 8271K, capacity 9029K, committed 9088K, reserved 516096K
}

Deoptimization events (20 events):
Event: 36.924 Thread 0x000001d01cef1000 Uncommon trap: trap_request=0xffffffc6 fr.pc=0x000001d007f200b8 relative=0x0000000000000058
Event: 36.924 Thread 0x000001d01cef1000 Uncommon trap: reason=bimorphic_or_optimized_type_check action=maybe_recompile pc=0x000001d007f200b8 method=java.util.AbstractQueue.add(Ljava/lang/Object;)Z @ 2 c2
Event: 36.924 Thread 0x000001d01cef1000 DEOPT PACKING pc=0x000001d007f200b8 sp=0x000000427cefde50
Event: 36.924 Thread 0x000001d01cef1000 DEOPT UNPACKING pc=0x000001d00004a1af sp=0x000000427cefde18 mode 2
Event: 36.925 Thread 0x000001d01cef1000 Uncommon trap: trap_request=0xffffffde fr.pc=0x000001d007bfcf24 relative=0x00000000000002e4
Event: 36.925 Thread 0x000001d01cef1000 Uncommon trap: reason=class_check action=maybe_recompile pc=0x000001d007bfcf24 method=java.util.Collections$SetFromMap.remove(Ljava/lang/Object;)Z @ 5 c2
Event: 36.925 Thread 0x000001d01cef1000 DEOPT PACKING pc=0x000001d007bfcf24 sp=0x000000427cefe840
Event: 36.925 Thread 0x000001d01cef1000 DEOPT UNPACKING pc=0x000001d00004a1af sp=0x000000427cefe838 mode 2
Event: 36.987 Thread 0x000001d01cef5800 Uncommon trap: trap_request=0xffffff4d fr.pc=0x000001d007e420d0 relative=0x0000000000000190
Event: 36.987 Thread 0x000001d01cef5800 Uncommon trap: reason=unstable_if action=reinterpret pc=0x000001d007e420d0 method=java.util.concurrent.locks.AbstractQueuedSynchronizer.acquire(I)V @ 20 c2
Event: 36.987 Thread 0x000001d01cef5800 DEOPT PACKING pc=0x000001d007e420d0 sp=0x000000427d4ff3d0
Event: 36.987 Thread 0x000001d01cef5800 DEOPT UNPACKING pc=0x000001d00004a1af sp=0x000000427d4ff328 mode 2
Event: 37.004 Thread 0x000001d01cdc5800 DEOPT PACKING pc=0x000001d000bdd7f4 sp=0x000000427cefd920
Event: 37.004 Thread 0x000001d01cdc5800 DEOPT UNPACKING pc=0x000001d00004a95e sp=0x000000427cefcec0 mode 0
Event: 37.080 Thread 0x000001d01972f800 DEOPT PACKING pc=0x000001d000bdd7f4 sp=0x000000427a1fd020
Event: 37.080 Thread 0x000001d01972f800 DEOPT UNPACKING pc=0x000001d00004a95e sp=0x000000427a1fc5c0 mode 0
Event: 37.377 Thread 0x000001d0159b0800 DEOPT PACKING pc=0x000001d000e899f1 sp=0x00000042787f9460
Event: 37.377 Thread 0x000001d0159b0800 DEOPT UNPACKING pc=0x000001d00004a95e sp=0x00000042787f8958 mode 0
Event: 37.388 Thread 0x000001d0159b0800 DEOPT PACKING pc=0x000001d000e899f1 sp=0x00000042787f9460
Event: 37.388 Thread 0x000001d0159b0800 DEOPT UNPACKING pc=0x000001d00004a95e sp=0x00000042787f8958 mode 0

Classes redefined (0 events):
No events

Internal exceptions (20 events):
Event: 34.145 Thread 0x000001d0159b0800 Exception <a 'java/lang/ClassNotFoundException'{0x0000000086860a90}: org/gradle/api/internal/DefaultNamedDomainObjectCollectionBeanInfo> (0x0000000086860a90) thrown at [./src/hotspot/share/classfile/systemDictionary.cpp, line 230]
Event: 34.147 Thread 0x000001d0159b0800 Exception <a 'java/lang/ClassNotFoundException'{0x000000008688e640}: org/gradle/api/internal/DefaultDomainObjectCollectionBeanInfo> (0x000000008688e640) thrown at [./src/hotspot/share/classfile/systemDictionary.cpp, line 230]
Event: 34.148 Thread 0x000001d0159b0800 Exception <a 'java/lang/ClassNotFoundException'{0x00000000868bc010}: org/gradle/api/internal/DefaultDomainObjectCollectionCustomizer> (0x00000000868bc010) thrown at [./src/hotspot/share/classfile/systemDictionary.cpp, line 230]
Event: 34.151 Thread 0x000001d0159b0800 Exception <a 'java/lang/ClassNotFoundException'{0x0000000086707308}: org/gradle/api/internal/DefaultNamedDomainObjectCollectionCustomizer> (0x0000000086707308) thrown at [./src/hotspot/share/classfile/systemDictionary.cpp, line 230]
Event: 34.154 Thread 0x000001d0159b0800 Exception <a 'java/lang/ClassNotFoundException'{0x0000000086759608}: org/gradle/api/internal/DefaultNamedDomainObjectListCustomizer> (0x0000000086759608) thrown at [./src/hotspot/share/classfile/systemDictionary.cpp, line 230]
Event: 34.158 Thread 0x000001d0159b0800 Exception <a 'java/lang/ClassNotFoundException'{0x00000000867b3588}: org/gradle/api/internal/artifacts/DefaultArtifactRepositoryContainerCustomizer> (0x00000000867b3588) thrown at [./src/hotspot/share/classfile/systemDictionary.cpp, line 230]
Event: 34.160 Thread 0x000001d0159b0800 Exception <a 'java/lang/ClassNotFoundException'{0x00000000866031c0}: org/gradle/api/internal/artifacts/dsl/DefaultRepositoryHandlerCustomizer> (0x00000000866031c0) thrown at [./src/hotspot/share/classfile/systemDictionary.cpp, line 230]
Event: 34.163 Thread 0x000001d0159b0800 Exception <a 'java/lang/ClassNotFoundException'{0x0000000086665848}: org/gradle/api/internal/artifacts/dsl/DefaultRepositoryHandler_DecoratedCustomizer> (0x0000000086665848) thrown at [./src/hotspot/share/classfile/systemDictionary.cpp, line 230]
Event: 34.173 Thread 0x000001d0159b0800 Exception <a 'java/lang/ClassNotFoundException'{0x000000008653ca28}: org/gradle/api/internal/artifacts/dsl/dependencies/DefaultDependencyHandler_DecoratedBeanInfo> (0x000000008653ca28) thrown at [./src/hotspot/share/classfile/systemDictionary.cpp, line 230]
Event: 34.177 Thread 0x000001d0159b0800 Exception <a 'java/lang/ClassNotFoundException'{0x000000008658cb90}: org/gradle/api/internal/artifacts/dsl/dependencies/DefaultDependencyHandlerBeanInfo> (0x000000008658cb90) thrown at [./src/hotspot/share/classfile/systemDictionary.cpp, line 230]
Event: 34.179 Thread 0x000001d0159b0800 Exception <a 'java/lang/ClassNotFoundException'{0x00000000865d08b8}: org/gradle/api/internal/artifacts/dsl/dependencies/DefaultDependencyHandlerCustomizer> (0x00000000865d08b8) thrown at [./src/hotspot/share/classfile/systemDictionary.cpp, line 230]
Event: 34.181 Thread 0x000001d0159b0800 Exception <a 'java/lang/ClassNotFoundException'{0x000000008643be90}: org/gradle/api/internal/artifacts/dsl/dependencies/DefaultDependencyHandler_DecoratedCustomizer> (0x000000008643be90) thrown at [./src/hotspot/share/classfile/systemDictionary.cpp, line 230]
Event: 34.330 Thread 0x000001d0159b0800 Exception <a 'java/lang/NoSuchMethodError'{0x0000000085e8c390}: 'java.lang.Object java.lang.invoke.Invokers$Holder.linkToTargetMethod(java.lang.Object, int, java.lang.Object)'> (0x0000000085e8c390) thrown at [./src/hotspot/share/interpreter/linkResolver.cpp, line 773]
Event: 35.232 Thread 0x000001d01cef1000 Exception <a 'java/lang/NoSuchMethodError'{0x0000000089eed9e0}: 'java.lang.Object java.lang.invoke.Invokers$Holder.linkToTargetMethod(java.lang.Object, java.lang.Object, java.lang.Object, int, java.lang.Object, java.lang.Object)'> (0x0000000089eed9e0) thrown at [./src/hotspot/share/interpreter/linkResolver.cpp, line 773]
Event: 35.238 Thread 0x000001d01cef1000 Exception <a 'java/lang/NoSuchMethodError'{0x0000000089d11748}: 'java.lang.Object java.lang.invoke.DirectMethodHandle$Holder.invokeInterface(java.lang.Object, java.lang.Object, int)'> (0x0000000089d11748) thrown at [./src/hotspot/share/interpreter/linkResolver.cpp, line 773]
Event: 35.242 Thread 0x000001d01cef1000 Exception <a 'java/lang/NoSuchMethodError'{0x0000000089d26c48}: 'void java.lang.invoke.DirectMethodHandle$Holder.invokeStatic(java.lang.Object, java.lang.Object, java.lang.Object, int)'> (0x0000000089d26c48) thrown at [./src/hotspot/share/interpreter/linkResolver.cpp, line 773]
Event: 35.636 Thread 0x000001d01cef1000 Implicit null exception at 0x000001d007e44177 to 0x000001d007e44304
Event: 36.841 Thread 0x000001d01cef1000 Exception <a 'java/lang/NoSuchMethodError'{0x0000000086e69c28}: 'int java.lang.invoke.DirectMethodHandle$Holder.invokeSpecial(java.lang.Object, java.lang.Object, java.lang.Object, java.lang.Object, java.lang.Object)'> (0x0000000086e69c28) thrown at [./src/hotspot/share/interpreter/linkResolver.cpp, line 773]
Event: 36.872 Thread 0x000001d01cef1000 Exception <a 'java/lang/NoSuchMethodError'{0x0000000086edb7c0}: 'void java.lang.invoke.DirectMethodHandle$Holder.invokeInterface(java.lang.Object, java.lang.Object, java.lang.Object, java.lang.Object)'> (0x0000000086edb7c0) thrown at [./src/hotspot/share/interpreter/linkResolver.cpp, line 773]
Event: 36.902 Thread 0x000001d01cef1000 Exception <a 'java/lang/NoSuchMethodError'{0x0000000086effc78}: <clinit>> (0x0000000086effc78) thrown at [./src/hotspot/share/prims/jni.cpp, line 1366]

Events (20 events):
Event: 37.027 Thread 0x000001d01cef5800 Thread added: 0x000001d01cef5800
Event: 37.029 Thread 0x000001d0182db000 Thread added: 0x000001d0182db000
Event: 37.032 Thread 0x000001d0182d9800 Thread added: 0x000001d0182d9800
Event: 37.034 Thread 0x000001d0182d5800 Thread added: 0x000001d0182d5800
Event: 37.036 Thread 0x000001d0182d8800 Thread added: 0x000001d0182d8800
Event: 37.038 Thread 0x000001d0182d7800 Thread added: 0x000001d0182d7800
Event: 37.042 Thread 0x000001d0182d6000 Thread added: 0x000001d0182d6000
Event: 37.044 Thread 0x000001d0182dc000 Thread added: 0x000001d0182dc000
Event: 37.047 Thread 0x000001d0182dc800 Thread added: 0x000001d0182dc800
Event: 37.050 Thread 0x000001d0182da000 Thread added: 0x000001d0182da000
Event: 37.053 Thread 0x000001d0182d7000 Thread added: 0x000001d0182d7000
Event: 37.056 Thread 0x000001d0182e1800 Thread added: 0x000001d0182e1800
Event: 37.060 Thread 0x000001d0182e2800 Thread added: 0x000001d0182e2800
Event: 37.062 Thread 0x000001d0182e3000 Thread added: 0x000001d0182e3000
Event: 37.065 Thread 0x000001d0182dd800 Thread added: 0x000001d0182dd800
Event: 37.068 Thread 0x000001d0182e0000 Thread added: 0x000001d0182e0000
Event: 37.071 Thread 0x000001d0182e4000 Thread added: 0x000001d0182e4000
Event: 37.131 Loaded shared library C:\Program Files\OpenJDK\openjdk-11.0.14.1_1\bin\java.dll
Event: 37.168 Executing VM operation: RevokeBias
Event: 37.168 Executing VM operation: RevokeBias done


Dynamic libraries:
0x00007ff74fcb0000 - 0x00007ff74fcbd000 	C:\Program Files\OpenJDK\openjdk-11.0.14.1_1\bin\java.exe
0x00007ffad2850000 - 0x00007ffad2a45000 	C:\WINDOWS\SYSTEM32\ntdll.dll
0x00007ffad1e00000 - 0x00007ffad1ebe000 	C:\WINDOWS\System32\KERNEL32.DLL
0x00007ffad04f0000 - 0x00007ffad07b8000 	C:\WINDOWS\System32\KERNELBASE.dll
0x00007ffacffe0000 - 0x00007ffad00e0000 	C:\WINDOWS\System32\ucrtbase.dll
0x00007ffac2f50000 - 0x00007ffac2f65000 	C:\Program Files\OpenJDK\openjdk-11.0.14.1_1\bin\VCRUNTIME140.dll
0x00007ffac2f30000 - 0x00007ffac2f47000 	C:\Program Files\OpenJDK\openjdk-11.0.14.1_1\bin\jli.dll
0x00007ffad1480000 - 0x00007ffad1620000 	C:\WINDOWS\System32\USER32.dll
0x00007ffabe090000 - 0x00007ffabe32a000 	C:\WINDOWS\WinSxS\amd64_microsoft.windows.common-controls_6595b64144ccf1df_6.0.19041.1110_none_60b5254171f9507e\COMCTL32.dll
0x00007ffad0850000 - 0x00007ffad0872000 	C:\WINDOWS\System32\win32u.dll
0x00007ffad13e0000 - 0x00007ffad147e000 	C:\WINDOWS\System32\msvcrt.dll
0x00007ffad1ec0000 - 0x00007ffad1eea000 	C:\WINDOWS\System32\GDI32.dll
0x00007ffad00e0000 - 0x00007ffad01eb000 	C:\WINDOWS\System32\gdi32full.dll
0x00007ffacff40000 - 0x00007ffacffdd000 	C:\WINDOWS\System32\msvcp_win.dll
0x00007ffad1170000 - 0x00007ffad11a0000 	C:\WINDOWS\System32\IMM32.DLL
0x00007ffaba900000 - 0x00007ffaba99b000 	C:\Program Files\OpenJDK\openjdk-11.0.14.1_1\bin\msvcp140.dll
0x00007ffa646e0000 - 0x00007ffa651ed000 	C:\Program Files\OpenJDK\openjdk-11.0.14.1_1\bin\server\jvm.dll
0x00007ffad12d0000 - 0x00007ffad137e000 	C:\WINDOWS\System32\ADVAPI32.dll
0x00007ffad1620000 - 0x00007ffad16bc000 	C:\WINDOWS\System32\sechost.dll
0x00007ffad1780000 - 0x00007ffad18a5000 	C:\WINDOWS\System32\RPCRT4.dll
0x00007ffad1df0000 - 0x00007ffad1df8000 	C:\WINDOWS\System32\PSAPI.DLL
0x00007ffac4700000 - 0x00007ffac4727000 	C:\WINDOWS\SYSTEM32\WINMM.dll
0x00007ffac8140000 - 0x00007ffac814a000 	C:\WINDOWS\SYSTEM32\VERSION.dll
0x00007ffacacc0000 - 0x00007ffacacc9000 	C:\WINDOWS\SYSTEM32\WSOCK32.dll
0x00007ffad2520000 - 0x00007ffad258b000 	C:\WINDOWS\System32\WS2_32.dll
0x00007ffacde20000 - 0x00007ffacde32000 	C:\WINDOWS\SYSTEM32\kernel.appcore.dll
0x00007ffac2ef0000 - 0x00007ffac2f00000 	C:\Program Files\OpenJDK\openjdk-11.0.14.1_1\bin\verify.dll
0x00007ffac88b0000 - 0x00007ffac8a94000 	C:\WINDOWS\SYSTEM32\DBGHELP.DLL
0x00007ffab9380000 - 0x00007ffab93ac000 	C:\WINDOWS\SYSTEM32\dbgcore.DLL
0x00007ffad07c0000 - 0x00007ffad0842000 	C:\WINDOWS\System32\bcryptPrimitives.dll
0x00007ffac2ec0000 - 0x00007ffac2ee8000 	C:\Program Files\OpenJDK\openjdk-11.0.14.1_1\bin\java.dll
0x00007ffac2e50000 - 0x00007ffac2e5a000 	C:\Program Files\OpenJDK\openjdk-11.0.14.1_1\bin\jimage.dll
0x00007ffac2d40000 - 0x00007ffac2d58000 	C:\Program Files\OpenJDK\openjdk-11.0.14.1_1\bin\zip.dll
0x00007ffad0880000 - 0x00007ffad0fc4000 	C:\WINDOWS\System32\SHELL32.dll
0x00007fface020000 - 0x00007fface7b4000 	C:\WINDOWS\SYSTEM32\windows.storage.dll
0x00007ffad2160000 - 0x00007ffad24b4000 	C:\WINDOWS\System32\combase.dll
0x00007ffacf800000 - 0x00007ffacf82c000 	C:\WINDOWS\SYSTEM32\Wldp.dll
0x00007ffad16d0000 - 0x00007ffad177d000 	C:\WINDOWS\System32\SHCORE.dll
0x00007ffad24c0000 - 0x00007ffad2515000 	C:\WINDOWS\System32\shlwapi.dll
0x00007ffacfe80000 - 0x00007ffacfe9f000 	C:\WINDOWS\SYSTEM32\profapi.dll
0x00007ffac2ca0000 - 0x00007ffac2cb9000 	C:\Program Files\OpenJDK\openjdk-11.0.14.1_1\bin\net.dll
0x00007ffac7e20000 - 0x00007ffac7f2a000 	C:\WINDOWS\SYSTEM32\WINHTTP.dll
0x00007ffacf5e0000 - 0x00007ffacf64a000 	C:\WINDOWS\system32\mswsock.dll
0x00007ffabd460000 - 0x00007ffabd473000 	C:\Program Files\OpenJDK\openjdk-11.0.14.1_1\bin\nio.dll
0x00007ffabd230000 - 0x00007ffabd257000 	C:\Users\rafae\.gradle\native\e1d6ef7f7dcc3fd88c89a11ec53ec762bb8ba0a96d01ffa2cd45eb1d1d8dd5c5\windows-amd64\native-platform.dll
0x00007ffa9a280000 - 0x00007ffa9a3c4000 	C:\Users\rafae\.gradle\native\5664cfc778a61ccfe75a443a1ab52a65af34e5dc3c78e0209fed803814484fcb\windows-amd64\native-platform-file-events.dll
0x00007ffabd220000 - 0x00007ffabd229000 	C:\Program Files\OpenJDK\openjdk-11.0.14.1_1\bin\management.dll
0x00007ffabcdc0000 - 0x00007ffabcdcb000 	C:\Program Files\OpenJDK\openjdk-11.0.14.1_1\bin\management_ext.dll
0x00007ffacf8b0000 - 0x00007ffacf8c8000 	C:\WINDOWS\SYSTEM32\CRYPTSP.dll
0x00007ffacef80000 - 0x00007ffacefb4000 	C:\WINDOWS\system32\rsaenh.dll
0x00007ffad02f0000 - 0x00007ffad0317000 	C:\WINDOWS\System32\bcrypt.dll
0x00007ffacfd90000 - 0x00007ffacfdbe000 	C:\WINDOWS\SYSTEM32\USERENV.dll
0x00007ffacf770000 - 0x00007ffacf77c000 	C:\WINDOWS\SYSTEM32\CRYPTBASE.dll
0x00007ffacf2f0000 - 0x00007ffacf32b000 	C:\WINDOWS\SYSTEM32\IPHLPAPI.DLL
0x00007ffad2150000 - 0x00007ffad2158000 	C:\WINDOWS\System32\NSI.dll
0x00007ffac8160000 - 0x00007ffac8177000 	C:\WINDOWS\SYSTEM32\dhcpcsvc6.DLL
0x00007ffac9610000 - 0x00007ffac962d000 	C:\WINDOWS\SYSTEM32\dhcpcsvc.DLL
0x00007ffacf330000 - 0x00007ffacf3fb000 	C:\WINDOWS\SYSTEM32\DNSAPI.dll

dbghelp: loaded successfully - version: 4.0.5 - missing functions: none
symbol engine: initialized successfully - sym options: 0x614 - pdb path: .;C:\Program Files\OpenJDK\openjdk-11.0.14.1_1\bin;C:\WINDOWS\SYSTEM32;C:\WINDOWS\WinSxS\amd64_microsoft.windows.common-controls_6595b64144ccf1df_6.0.19041.1110_none_60b5254171f9507e;C:\Program Files\OpenJDK\openjdk-11.0.14.1_1\bin\server;C:\Users\rafae\.gradle\native\e1d6ef7f7dcc3fd88c89a11ec53ec762bb8ba0a96d01ffa2cd45eb1d1d8dd5c5\windows-amd64;C:\Users\rafae\.gradle\native\5664cfc778a61ccfe75a443a1ab52a65af34e5dc3c78e0209fed803814484fcb\windows-amd64

VM Arguments:
jvm_args: -XX:MaxMetaspaceSize=512m --add-opens=java.base/java.util=ALL-UNNAMED --add-opens=java.base/java.lang=ALL-UNNAMED --add-opens=java.base/java.lang.invoke=ALL-UNNAMED --add-opens=java.base/java.util=ALL-UNNAMED --add-opens=java.prefs/java.util.prefs=ALL-UNNAMED --add-opens=java.prefs/java.util.prefs=ALL-UNNAMED --add-opens=java.base/java.nio.charset=ALL-UNNAMED --add-opens=java.base/java.net=ALL-UNNAMED --add-opens=java.base/java.util.concurrent.atomic=ALL-UNNAMED -Xmx2048m -Dfile.encoding=windows-1252 -Duser.country=BR -Duser.language=pt -Duser.variant 
java_command: org.gradle.launcher.daemon.bootstrap.GradleDaemon 7.3.3
java_class_path (initial): C:\Users\rafae\.gradle\wrapper\dists\gradle-7.3.3-all\4295vidhdd9hd3gbjyw1xqxpo\gradle-7.3.3\lib\gradle-launcher-7.3.3.jar
Launcher Type: SUN_STANDARD

[Global flags]
     intx CICompilerCount                          = 4                                         {product} {ergonomic}
   size_t CompressedClassSpaceSize                 = 528482304                                 {product} {ergonomic}
     uint ConcGCThreads                            = 2                                         {product} {ergonomic}
     uint G1ConcRefinementThreads                  = 8                                         {product} {ergonomic}
   size_t G1HeapRegionSize                         = 1048576                                   {product} {ergonomic}
    uintx GCDrainStackTargetSize                   = 64                                        {product} {ergonomic}
   size_t InitialHeapSize                          = 184549376                                 {product} {ergonomic}
   size_t MarkStackSize                            = 4194304                                   {product} {ergonomic}
   size_t MaxHeapSize                              = 2147483648                                {product} {command line}
   size_t MaxMetaspaceSize                         = 536870912                                 {product} {command line}
   size_t MaxNewSize                               = 1287651328                                {product} {ergonomic}
   size_t MinHeapDeltaBytes                        = 1048576                                   {product} {ergonomic}
    uintx NonNMethodCodeHeapSize                   = 5836300                                {pd product} {ergonomic}
    uintx NonProfiledCodeHeapSize                  = 122910970                              {pd product} {ergonomic}
    uintx ProfiledCodeHeapSize                     = 122910970                              {pd product} {ergonomic}
    uintx ReservedCodeCacheSize                    = 251658240                              {pd product} {ergonomic}
     bool SegmentedCodeCache                       = true                                      {product} {ergonomic}
     bool UseCompressedClassPointers               = true                                 {lp64_product} {ergonomic}
     bool UseCompressedOops                        = true                                 {lp64_product} {ergonomic}
     bool UseG1GC                                  = true                                      {product} {ergonomic}
     bool UseLargePagesIndividualAllocation        = false                                  {pd product} {ergonomic}

Logging:
Log output configuration:
 #0: stdout all=warning uptime,level,tags
 #1: stderr all=off uptime,level,tags

Environment Variables:
JAVA_HOME=C:\Program Files\OpenJDK\openjdk-11.0.14.1_1
CLASSPATH=D:\projetos\flashlight\android\\gradle\wrapper\gradle-wrapper.jar
PATH=D:\projetos\flashlight\android\node_modules\.bin;D:\projetos\flashlight\node_modules\.bin;D:\projetos\node_modules\.bin;D:\node_modules\.bin;C:\Program Files\nodejs;D:\projetos\flashlight\node_modules\.bin;D:\projetos\node_modules\.bin;D:\node_modules\.bin;C:\Program Files\nodejs\node_modules\npm\node_modules\@npmcli\run-script\lib\node-gyp-bin;C:\Python27\;C:\Python27\Scripts;C:\Program Files\Microsoft\jdk-11.0.12.7-hotspot\bin;C:\Python310\Scripts\;C:\Python310\;C:\Program Files (x86)\Common Files\Oracle\Java\javapath;C:\WINDOWS\system32;C:\WINDOWS;C:\WINDOWS\System32\Wbem;C:\WINDOWS\System32\WindowsPowerShell\v1.0\;C:\WINDOWS\System32\OpenSSH\;C:\Program Files\Git\cmd;C:\Program Files\nodejs\;C:\ProgramData\chocolatey\bin;C:\Program Files\dotnet\;C:\Program Files\Microsoft SQL Server\Client SDK\ODBC\170\Tools\Binn\;C:\Program Files\Microsoft SQL Server\150\Tools\Binn\;C:\Program Files (x86)\Yarn\bin\;C:\Program Files\OpenJDK\openjdk-11.0.14.1_1\bin;%ANDROID_HOME%\platform-tools;%ANDROID_HOME%\tools\bin;%ANDROID_HOME%\tools;%ANDROID_HOME%\emulator;C:\Program Files\OpenJDK\openjdk-11.0.14.1_1;C:\Program Files (x86)\Windows Kits\10\Windows Performance Toolkit\;C:\Program Files (x86)\Microsoft SQL Server\150\Tools\Binn\;C:\Program Files\Microsoft SQL Server\150\DTS\Binn\;C:\Program Files (x86)\Microsoft SQL Server\150\DTS\Binn\;C:\Program Files\Azure Data Studio\bin;C:\Users\rafae\AppData\Local\Microsoft\WindowsApps;C:\Users\rafae\AppData\Roaming\npm;C:\Users\rafae\.dotnet\tools;D:\Microsoft VS Code\bin;C:\Users\rafae\AppData\Local\Android\Sdk;C:\Android\Sdk\emulator;C:\Android\Sdk\tools;C:\Android\Sdk\tools\bin;C:\Android\Sdk\platform-tools;C:\Users\rafae\AppData\Local\Yarn\bin;C:\Users\rafae\AppData\Local\Android\Sdk\platform-tools;;C:\Program Files\Azure Data Studio\bin;D:\projetos\flashlight\node_modules\.bin
USERNAME=Rafael
OS=Windows_NT
PROCESSOR_IDENTIFIER=AMD64 Family 23 Model 17 Stepping 0, AuthenticAMD



---------------  S Y S T E M  ---------------

OS: Windows 10 , 64 bit Build 19041 (10.0.19041.1645)
OS uptime: 2 days 22:09 hours
Hyper-V role detected

CPU:total 8 (initial active 8) (8 cores per cpu, 2 threads per core) family 23 model 17 stepping 0 microcode 0x0, cmov, cx8, fxsr, mmx, sse, sse2, sse3, ssse3, sse4.1, sse4.2, popcnt, avx, avx2, aes, clmul, mmxext, 3dnowpref, lzcnt, sse4a, ht, tsc, tscinvbit, tscinv, bmi1, bmi2, adx, sha, fma

Memory: 4k page, system-wide physical 11164M (407M free)
TotalPageFile size 15746M (AvailPageFile size 0M)
current process WorkingSet (physical memory assigned to process): 361M, peak: 361M
current process commit charge ("private bytes"): 422M, peak: 423M

vm_info: OpenJDK 64-Bit Server VM (11.0.14.1+1) for windows-amd64 JRE (11.0.14.1+1), built on Feb  9 2022 18:53:32 by "" with unknown MS VC++:1916

END.
